=~=~=~=~=~=~=~=~=~=~=~= PuTTY log 2021.09.29 16:41:59 =~=~=~=~=~=~=~=~=~=~=~=
 741, 71
137, 77
137, 78
136, 68
136, 74
136, 80
136, 75
135, 71
13139, 76
138, 79
138, 73
138, 73
138, 81
137, 75
137, 71
137, 77
137, 78
136, 68
136, 74
136, 80
136, 75
135, 71
13ý0, 4
0, 4
0, 4
0, 4
0, 4
0, 4
0, 4
0, 3
0, 4
0, 4
0, 4
0, 4
0, 5
0, 4
0, 4
0, 3
1, 3
1, 4
1, 3
1, 4
1, 3
1, 4
2, 4
2, 4
2, 5
2, 3
2, 5
2, 3
3, 3
3, 3
3, 4
3, 2
3, 4
3, 2
4, 3
4, 3
4, 3
4, 3
4, 1
4, 3
5, 1
5, 3
5, 0
5, 3
5, 0
5, 4
6, 0
6, 1
6, 0
6, 3
6, 0
6, 3
7, 0
7, 1
7, 3
7, 2
7, 3
7, 1
8, 2
8, 0
8, 2
8, 1
8, 3
8, 0
9, 3
9, 0
9, 2
9, 0
9, 1
9, 0
10, 0
10, 0
10, 1
10, 0
10, 1
11, 0
11, 3
11, 0
11, 7
11, 0
12, 3
12, 0
12, 2
12, 0
12, 0
13, 0
13, 1
13, 0
13, 0
13, 8
14, 0
14, 8
14, 0
14, 5
14, 0
15, 2
15, 0
15, 0
15, 3
15, 0
16, 13
16, 0
16, 5
16, 0
16, 3
17, 0
17, 2
17, 4
17, 1
17, 14
18, 0
18, 8
18, 0
18, 4
18, 0
19, 1
19, 24
19, 0
19, 10
19, 0
20, 6
20, 0
20, 2
20, 28
20, 0
21, 15
21, 0
21, 7
21, 0
21, 2
22, 30
22, 0
22, 18
22, 0
22, 6
23, 0
23, 4
23, 30
23, 0
23, 17
24, 0
24, 9
24, 0
24, 6
24, 31
25, 0
25, 22
25, 0
25, 10
25, 25
26, 1
26, 25
26, 0
26, 14
26, 5
27, 5
27, 34
27, 0
27, 21
27, 0
28, 12
28, 37
28, 1
28, 25
28, 0
29, 15
29, 46
29, 1
29, 26
29, 0
30, 17
30, 39
30, 2
30, 32
30, 0
31, 20
31, 32
31, 5
31, 35
31, 0
32, 22
32, 27
32, 7
32, 39
33, 1
33, 25
33, 6
33, 13
33, 41
34, 2
34, 29
34, 3
34, 16
34, 46
35, 3
35, 33
35, 4
35, 20
35, 49
36, 5
36, 36
36, 0
36, 22
36, 53
37, 7
37, 40
37, 1
37, 25
37, 55
38, 10
38, 37
38, 16
38, 18
39, 47
39, 4
39, 33
39, 42
40, 16
40, 44
40, 2
40, 28
40, 61
41, 13
41, 41
41, 22
41, 21
42, 49
42, 6
42, 38
42, 46
43, 20
43, 46
43, 6
43, 36
43, 57
44, 18
44, 43
44, 28
44, 26
45, 48
45, 11
45, 37
45, 51
46, 19
46, 42
46, 39
46, 29
47, 47
47, 12
47, 37
47, 52
48, 23
48, 43
48, 44
48, 30
49, 46
49, 14
49, 39
49, 49
50, 24
50, 43
50, 48
50, 31
51, 46
51, 17
51, 39
51, 49
52, 27
52, 42
52, 50
52, 33
53, 46
53, 34
53, 39
53, 49
54, 30
54, 43
54, 51
54, 35
55, 47
55, 42
55, 40
55, 49
56, 33
56, 44
56, 54
56, 36
57, 47
57, 46
57, 41
57, 50
58, 34
58, 45
58, 56
58, 37
59, 48
59, 49
59, 42
59, 51
60, 35
60, 47
60, 58
60, 39
61, 49
61, 52
61, 44
61, 51
62, 58
62, 46
62, 55
62, 41
63, 50
63, 55
63, 43
63, 51
64, 47
64, 48
64, 55
64, 43
65, 51
65, 55
65, 46
65, 52
66, 50
66, 48
66, 55
66, 42
67, 52
67, 57
67, 46
67, 53
68, 52
68, 49
68, 55
68, 44
69, 52
69, 59
69, 46
69, 53
70, 55
70, 50
70, 55
70, 44
71, 52
71, 60
71, 47
71, 54
72, 56
72, 49
72, 57
72, 67
73, 52
73, 62
73, 48
73, 55
74, 58
74, 50
74, 58
74, 53
75, 54
75, 63
75, 48
75, 55
76, 59
76, 52
76, 57
76, 55
77, 54
77, 59
77, 49
77, 56
78, 61
78, 52
78, 57
78, 57
79, 53
79, 61
79, 48
79, 56
80, 61
80, 52
80, 59
80, 58
81, 54
81, 61
81, 49
81, 57
82, 63
82, 53
82, 60
82, 61
83, 56
83, 62
83, 46
83, 57
84, 64
84, 52
84, 59
84, 63
85, 55
85, 61
85, 57
85, 58
86, 66
86, 54
86, 60
86, 63
87, 56
87, 63
87, 59
87, 58
88, 68
88, 55
88, 60
88, 64
89, 56
89, 63
89, 60
89, 58
90, 68
90, 53
90, 60
90, 66
91, 57
91, 63
91, 62
91, 58
92, 69
92, 55
92, 60
92, 65
93, 56
93, 64
93, 64
93, 60
94, 68
94, 61
94, 61
94, 67
95, 58
95, 64
95, 65
95, 59
96, 67
96, 60
96, 61
96, 68
97, 57
97, 64
97, 65
97, 60
98, 65
98, 63
98, 62
98, 70
99, 57
99, 65
99, 67
99, 59
100, 65
100, 69
100, 59
100, 63
101, 71
101, 63
101, 61
101, 67
102, 68
102, 59
102, 65
102, 70
103, 53
103, 64
103, 67
103, 67
104, 61
104, 66
104, 69
104, 60
105, 65
105, 72
105, 66
105, 62
106, 68
106, 69
106, 60
106, 66
107, 71
107, 67
107, 63
107, 68
108, 68
108, 63
108, 68
108, 71
109, 60
109, 66
109, 73
109, 67
110, 63
110, 70
110, 69
110, 61
111, 68
111, 73
111, 65
111, 64
112, 76
112, 69
112, 65
112, 68
113, 72
113, 61
113, 67
113, 76
114, 69
114, 64
114, 70
114, 71
115, 64
115, 68
115, 73
115, 67
116, 67
116, 76
116, 70
116, 64
117, 71
117, 73
117, 63
117, 69
118, 75
118, 69
118, 65
118, 72
119, 73
119, 65
119, 70
119, 76
120, 68
120, 68
120, 77
120, 71
121, 65
121, 71
121, 74
121, 64
122, 70
122, 77
122, 71
122, 67
123, 74
123, 73
123, 66
123, 70
124, 76
124, 70
124, 69
124, 79
125, 72
125, 66
125, 73
125, 75
126, 65
126, 70
126, 78
126, 72
127, 69
127, 74
127, 75
127, 67
128, 72
128, 76
128, 73
128, 70
129, 79
129, 74
129, 68
129, 73
130, 76
130, 66
130, 72
130, 79
131, 73
131, 70
131, 75
131, 75
132, 68
132, 72
132, 78
132, 72
133, 72
133, 80
133, 75
133, 69
134, 76
134, 77
134, 73
134, 74
135, 80
135, 76
135, 71
135, 76
136, 77
136, 69
136, 74
136, 79
137, 75
137, 72
137, 82
137, 76
138, 71
138, 78
138, 79
138, 71
139, 74
139, 81
139, 76
139, 72
140, 82
140, 79
140, 70
140, 75
141, 80
141, 75
141, 74
141, 83
142, 78
142, 71
142, 77
142, 80
143, 75
143, 74
143, 81
143, 78
144, 73
144, 83
144, 79
144, 72
145, 77
145, 82
145, 76
145, 75
146, 83
146, 79
146, 72
146, 79
147, 81
147, 76
147, 77
147, 82
148, 79
148, 74
148, 85
148, 80
149, 73
149, 79
149, 82
149, 78
150, 75
150, 85
150, 80
150, 75
151, 81
151, 81
151, 78
151, 77
152, 83
152, 79
152, 75
152, 85
153, 82
153, 73
153, 80
153, 83
154, 80
154, 77
154, 85
154, 80
155, 75
155, 81
155, 83
155, 78
156, 78
156, 86
156, 81
156, 77
157, 87
157, 83
157, 75
157, 81
158, 84
158, 80
158, 79
158, 86
159, 83
159, 76
159, 83
159, 85
160, 81
160, 80
160, 85
160, 82
161, 77
161, 87
161, 84
161, 75
162, 82
162, 84
162, 82
162, 78
163, 87
163, 83
163, 77
163, 82
164, 86
164, 81
164, 81
164, 86
165, 83
165, 79
165, 88
165, 85
166, 78
166, 83
166, 87
166, 83
167, 80
167, 89
167, 84
167, 78
168, 87
168, 86
168, 82
168, 82
169, 88
169, 84
169, 80
169, 90
170, 86
170, 82
170, 84
170, 87
171, 84
171, 81
171, 88
171, 85
172, 79
172, 90
172, 87
172, 84
173, 83
173, 89
173, 85
173, 81
174, 91
174, 87
174, 85
174, 84
175, 89
175, 86
175, 82
175, 90
176, 86
176, 80
176, 91
176, 89
177, 84
177, 84
177, 90
177, 87
178, 82
178, 91
178, 88
178, 84
179, 86
179, 89
179, 86
179, 83
180, 91
180, 88
180, 82
180, 92
181, 89
181, 87
181, 85
181, 92
182, 88
182, 84
182, 92
182, 89
183, 87
183, 87
183, 90
183, 87
184, 85
184, 92
184, 89
184, 82
185, 92
185, 91
185, 87
185, 86
186, 91
186, 89
186, 82
186, 92
187, 90
187, 88
187, 89
187, 91
188, 89
188, 85
188, 93
188, 90
189, 83
189, 93
189, 92
189, 89
190, 88
190, 92
190, 90
190, 85
191, 94
191, 92
191, 89
191, 90
192, 92
192, 89
192, 87
192, 93
193, 92
193, 79
193, 94
193, 92
194, 90
194, 88
194, 93
194, 91
195, 86
195, 94
195, 93
195, 90
196, 93
196, 94
196, 90
196, 88
197, 95
197, 93
197, 91
197, 96
198, 94
198, 92
198, 90
198, 95
199, 92
199, 87
199, 94
199, 93
200, 91
200, 95
200, 94
200, 92
201, 89
201, 95
201, 92
201, 92
202, 96
202, 94
202, 92
202, 90
203, 96
203, 94
203, 88
203, 96
204, 94
204, 91
204, 97
204, 95
205, 95
205, 90
205, 95
205, 94
206, 93
206, 97
206, 95
206, 93
207, 91
207, 96
207, 93
207, 89
208, 97
208, 95
208, 93
208, 97
209, 96
209, 94
209, 90
209, 96
210, 95
210, 94
210, 97
210, 96
211, 95
211, 92
211, 97
211, 95
212, 90
212, 97
212, 96
212, 95
213, 97
213, 97
213, 96
213, 91
214, 98
214, 96
214, 95
214, 98
215, 97
215, 95
215, 93
215, 97
216, 96
216, 91
216, 98
216, 96
217, 96
217, 100
217, 98
217, 97
218, 93
218, 99
218, 97
218, 97
219, 99
219, 98
219, 97
219, 92
220, 99
220, 97
220, 96
220, 100
221, 98
221, 97
221, 92
221, 99
222, 98
222, 96
222, 99
222, 99
223, 98
223, 94
223, 98
223, 98
224, 97
224, 100
224, 100
224, 98
225, 96
225, 99
225, 98
225, 97
226, 100
226, 100
226, 99
226, 97
227, 100
227, 99
227, 98
227, 98
228, 100
228, 99
228, 98
228, 95
229, 101
229, 99
229, 98
229, 101
230, 100
230, 99
230, 98
230, 101
231, 102
231, 99
231, 99
231, 100
232, 101
232, 99
232, 99
232, 101
233, 100
233, 100
233, 98
233, 100
234, 100
234, 100
234, 100
234, 94
235, 102
235, 101
235, 100
235, 98
236, 102
236, 101
236, 101
236, 100
237, 101
237, 102
237, 101
237, 101
238, 100
238, 101
238, 101
238, 100
239, 101
239, 98
239, 102
239, 102
240, 102
240, 101
240, 104
240, 101
241, 101
241, 101
241, 102
241, 102
242, 102
242, 102
242, 101
242, 101
243, 103
243, 102
243, 102
243, 92
244, 102
244, 102
244, 103
244, 101
245, 103
245, 103
245, 102
245, 102
246, 97
246, 102
246, 103
246, 103
247, 101
247, 103
247, 102
247, 103
248, 102
248, 101
248, 103
248, 102
249, 103
249, 103
249, 103
249, 103
250, 103
250, 103
250, 103
250, 103
251, 103
251, 103
251, 104
251, 104
252, 103
252, 104
252, 104
252, 103
253, 104
253, 103
253, 103
253, 104
254, 103
254, 103
254, 104
254, 103
255, 104
255, 104
255, 104
255, 105
254, 104
254, 104
254, 105
254, 104
253, 104
253, 104
253, 94
253, 104
252, 103
252, 104
252, 102
252, 104
251, 104
251, 102
251, 104
251, 103
250, 102
250, 104
250, 103
250, 102
249, 102
249, 104
249, 104
249, 102
248, 103
248, 103
248, 103
248, 102
247, 102
247, 104
247, 104
247, 103
246, 102
246, 102
246, 102
246, 103
245, 102
245, 102
245, 103
245, 103
244, 103
244, 102
244, 102
244, 103
243, 102
243, 104
243, 101
243, 102
242, 103
242, 102
242, 101
242, 101
241, 98
241, 102
241, 101
241, 100
240, 100
240, 101
240, 102
240, 101
239, 102
239, 97
239, 102
239, 101
238, 101
238, 97
238, 102
238, 103
237, 101
237, 99
237, 102
237, 102
236, 102
236, 99
236, 101
236, 101
235, 100
235, 100
235, 96
235, 101
234, 100
234, 100
234, 100
234, 101
233, 101
233, 99
233, 99
233, 101
232, 100
232, 99
232, 98
232, 101
231, 100
231, 100
231, 99
231, 101
230, 100
230, 100
230, 99
230, 101
229, 100
229, 99
229, 99
229, 100
228, 99
228, 99
228, 98
228, 100
227, 99
227, 99
227, 94
227, 100
226, 98
226, 97
226, 99
226, 100
225, 99
225, 97
225, 99
225, 99
224, 98
224, 100
224, 99
224, 98
223, 96
223, 100
223, 99
223, 97
222, 93
222, 99
222, 98
222, 96
221, 99
221, 99
221, 97
221, 93
220, 98
220, 96
220, 95
220, 99
219, 98
219, 97
219, 99
219, 97
218, 96
218, 92
218, 99
218, 97
217, 94
217, 98
217, 98
217, 95
216, 94
216, 98
216, 96
216, 91
215, 97
215, 96
215, 95
215, 99
214, 98
214, 95
214, 91
214, 98
213, 97
213, 94
213, 98
213, 97
212, 95
212, 93
212, 96
212, 96
211, 89
211, 97
211, 96
211, 94
210, 97
210, 96
210, 94
210, 90
209, 97
209, 95
209, 94
209, 98
208, 95
208, 94
208, 92
208, 96
207, 95
207, 88
207, 97
207, 96
206, 93
206, 95
206, 95
206, 95
205, 89
205, 96
205, 94
205, 93
204, 95
204, 94
204, 92
204, 90
203, 95
203, 93
203, 87
203, 95
202, 94
202, 91
202, 92
202, 95
201, 92
201, 88
201, 96
201, 94
200, 90
200, 95
200, 94
200, 92
199, 90
199, 94
199, 92
199, 86
198, 96
198, 93
198, 92
198, 90
197, 94
197, 91
197, 87
197, 95
196, 92
196, 89
196, 95
196, 93
195, 91
195, 88
195, 94
195, 92
194, 85
194, 94
194, 93
194, 90
193, 90
193, 93
193, 91
193, 86
192, 93
192, 90
192, 90
192, 95
191, 91
191, 90
191, 86
191, 94
190, 91
190, 85
190, 93
190, 92
189, 88
189, 88
189, 91
189, 89
188, 86
188, 93
188, 89
188, 85
187, 94
187, 90
187, 89
187, 87
186, 91
186, 89
186, 84
186, 92
185, 89
185, 88
185, 88
185, 90
184, 88
184, 83
184, 91
184, 89
183, 77
183, 91
183, 91
183, 87
182, 85
182, 90
182, 88
182, 83
181, 93
181, 90
181, 86
181, 85
180, 89
180, 87
180, 82
180, 90
179, 87
179, 86
179, 92
179, 89
178, 85
178, 84
178, 90
178, 88
177, 81
177, 91
177, 88
177, 85
176, 85
176, 89
176, 86
176, 82
175, 90
175, 87
175, 78
175, 86
174, 88
174, 86
174, 82
174, 90
173, 86
173, 81
173, 90
173, 86
172, 84
172, 83
172, 89
172, 85
171, 81
171, 88
171, 86
171, 78
170, 84
170, 87
170, 83
170, 82
169, 88
169, 85
169, 78
169, 90
168, 86
168, 82
168, 83
168, 88
167, 85
167, 80
167, 89
167, 85
166, 78
166, 84
166, 85
166, 83
165, 80
165, 86
165, 83
165, 78
164, 88
164, 84
164, 81
164, 82
163, 86
163, 84
163, 78
163, 86
162, 84
162, 77
162, 84
162, 84
161, 81
161, 80
161, 86
161, 82
160, 77
160, 88
160, 84
160, 79
159, 80
159, 85
159, 80
159, 78
158, 86
158, 82
158, 76
158, 82
157, 84
157, 80
157, 79
157, 86
156, 81
156, 76
156, 87
156, 84
155, 79
155, 79
155, 84
155, 80
154, 77
154, 85
154, 82
154, 75
153, 81
153, 82
153, 78
153, 79
152, 85
152, 80
152, 75
152, 85
151, 82
151, 73
151, 78
151, 83
150, 79
150, 75
150, 85
150, 80
149, 73
149, 78
149, 81
149, 77
148, 76
148, 84
148, 79
148, 74
147, 80
147, 80
147, 71
147, 78
146, 82
146, 78
146, 74
146, 84
145, 79
145, 72
145, 77
145, 82
144, 75
144, 76
144, 83
144, 78
143, 73
143, 78
143, 79
143, 71
142, 77
142, 80
142, 76
142, 73
141, 82
141, 77
141, 71
141, 77
140, 79
140, 73
140, 74
140, 82
139, 76
139, 71
139, 78
139, 79
138, 69
138, 75
138, 80
138, 75
137, 73
137, 81
137, 77
137, 69
136, 77
136, 79
136, 73
136, 73
135, 81
135, 76
135, 69
135, 76
134, 77
134, 68
134, 73
134, 79
133, 73
133, 72
133, 81
133, 76
132, 69
132, 74
132, 78
132, 72
131, 72
131, 79
131, 74
131, 69
130, 75
130, 76
130, 67
130, 73
129, 78
129, 72
129, 69
129, 80
128, 74
128, 67
128, 73
128, 76
127, 73
127, 70
127, 79
127, 72
126, 69
126, 73
126, 75
126, 66
125, 70
125, 77
125, 71
125, 68
124, 78
124, 72
124, 66
124, 71
123, 75
123, 58
123, 70
123, 78
122, 71
122, 66
122, 73
122, 74
121, 65
121, 70
121, 76
121, 68
120, 68
120, 78
120, 72
120, 65
119, 71
119, 74
119, 63
119, 69
118, 75
118, 70
118, 65
118, 72
117, 72
117, 63
117, 68
117, 74
116, 68
116, 65
116, 75
116, 71
115, 63
115, 69
115, 72
115, 61
114, 67
114, 75
114, 68
114, 65
113, 70
113, 72
113, 63
113, 69
112, 74
112, 67
112, 66
112, 72
111, 68
111, 63
111, 68
111, 71
110, 61
110, 65
110, 74
110, 67
109, 63
109, 69
109, 70
109, 62
108, 66
108, 73
108, 64
108, 63
107, 68
107, 68
107, 61
107, 66
106, 71
106, 59
106, 64
106, 73
105, 66
105, 62
105, 67
105, 69
104, 61
104, 65
104, 71
104, 63
103, 63
103, 68
103, 66
103, 60
102, 64
102, 69
102, 59
102, 63
101, 71
101, 65
101, 60
101, 66
100, 67
100, 59
100, 63
100, 70
99, 58
99, 64
99, 67
99, 60
98, 65
98, 63
98, 62
98, 71
97, 57
97, 63
97, 67
97, 59
96, 64
96, 64
96, 60
96, 70
95, 56
95, 61
95, 68
95, 57
94, 64
94, 63
94, 59
94, 70
93, 55
93, 61
93, 67
93, 57
92, 63
92, 63
92, 58
92, 66
91, 53
91, 60
91, 67
91, 56
90, 61
90, 63
90, 57
90, 65
89, 59
89, 58
89, 67
89, 53
88, 61
88, 63
88, 57
88, 63
87, 58
87, 59
87, 67
87, 54
86, 60
86, 63
86, 55
86, 61
85, 57
85, 57
85, 65
85, 53
84, 59
84, 62
84, 54
84, 60
83, 57
83, 56
83, 67
83, 52
82, 57
82, 62
82, 53
82, 60
81, 58
81, 56
81, 60
81, 49
80, 57
80, 62
80, 51
80, 59
79, 59
79, 52
79, 58
79, 50
78, 55
78, 63
78, 51
78, 56
77, 58
77, 52
77, 60
77, 48
76, 54
76, 63
76, 49
76, 56
75, 57
75, 51
75, 58
75, 53
74, 54
74, 63
74, 48
74, 55
73, 57
73, 49
73, 57
73, 52
72, 51
72, 63
72, 47
72, 55
71, 58
71, 48
71, 54
71, 52
70, 50
70, 58
70, 46
70, 53
69, 58
69, 47
69, 55
69, 52
68, 48
68, 55
68, 43
68, 51
67, 58
67, 45
67, 53
67, 52
66, 47
66, 54
66, 42
66, 50
65, 57
65, 43
65, 51
65, 52
64, 46
64, 53
64, 41
64, 49
63, 57
63, 42
63, 50
63, 51
62, 44
62, 51
62, 37
62, 47
61, 57
61, 41
61, 48
61, 52
60, 42
60, 51
60, 36
60, 45
59, 52
59, 37
59, 47
59, 53
58, 40
58, 49
58, 37
58, 44
57, 51
57, 36
57, 45
57, 51
56, 37
56, 46
56, 38
56, 42
55, 48
55, 30
55, 44
55, 53
54, 34
54, 45
54, 40
54, 39
53, 48
53, 26
53, 41
53, 52
52, 32
52, 44
52, 41
52, 36
51, 46
51, 22
51, 40
51, 54
50, 27
50, 43
50, 43
50, 34
49, 47
49, 16
49, 37
49, 51
48, 22
48, 42
48, 44
48, 30
47, 45
47, 11
47, 35
47, 49
46, 17
46, 42
46, 49
46, 25
45, 45
45, 6
45, 38
45, 56
44, 17
44, 44
44, 27
44, 27
43, 49
43, 8
43, 39
43, 46
42, 19
42, 47
42, 5
42, 35
42, 59
41, 13
41, 41
41, 22
41, 21
40, 49
40, 6
40, 35
40, 45
39, 14
39, 43
39, 2
39, 29
39, 60
38, 10
38, 37
38, 16
38, 17
37, 44
37, 3
37, 30
37, 40
36, 10
36, 38
36, 0
36, 24
36, 56
35, 8
35, 37
35, 0
35, 23
35, 54
34, 7
34, 37
34, 0
34, 23
34, 44
33, 7
33, 37
33, 0
33, 23
33, 35
32, 6
32, 37
32, 0
32, 23
32, 26
31, 5
31, 36
31, 0
31, 23
31, 4
30, 10
30, 36
30, 0
30, 22
30, 3
29, 10
29, 34
29, 0
29, 21
29, 0
28, 9
28, 37
28, 4
28, 28
28, 0
27, 14
27, 28
27, 2
27, 27
27, 0
26, 12
26, 5
26, 6
26, 32
26, 0
25, 16
25, 0
25, 8
25, 5
25, 3
24, 29
24, 0
24, 16
24, 0
24, 7
23, 4
23, 3
23, 27
23, 0
23, 15
22, 0
22, 5
22, 3
22, 1
22, 25
21, 0
21, 12
21, 1
21, 4
21, 3
20, 0
20, 20
20, 0
20, 10
20, 0
19, 2
19, 3
19, 0
19, 18
19, 0
18, 8
18, 0
18, 4
18, 0
18, 0
17, 3
17, 0
17, 12
17, 0
17, 5
16, 0
16, 1
16, 0
16, 0
16, 14
15, 0
15, 6
15, 0
15, 4
15, 0
14, 0
14, 1
14, 0
14, 11
14, 0
13, 2
13, 0
13, 0
13, 0
13, 0
12, 8
12, 0
12, 4
12, 0
12, 1
11, 1
11, 0
11, 1
11, 0
11, 2
10, 0
10, 7
10, 0
10, 0
10, 1
9, 0
9, 1
9, 0
9, 1
9, 6
9, 0
8, 4
8, 0
8, 2
8, 1
8, 3
8, 0
7, 3
7, 1
7, 2
7, 0
7, 2
7, 0
6, 1
6, 0
6, 2
6, 4
6, 1
6, 2
5, 1
5, 4
5, 1
5, 2
5, 1
5, 3
4, 2
4, 4
4, 0
4, 4
4, 0
4, 2
3, 2
3, 3
3, 3
3, 2
3, 4
3, 2
2, 3
2, 4
2, 3
2, 2
2, 3
2, 4
1, 3
1, 3
1, 4
1, 2
1, 3
1, 3
0, 4
0, 3
0, 4
0, 5
0, 4
0, 4
1, 3
1, 4
1, 5
1, 4
1, 3
1, 4
2, 2
2, 4
2, 3
2, 4
2, 3
2, 3
3, 4
3, 3
3, 3
3, 2
3, 4
3, 2
4, 2
4, 2
4, 2
4, 2
4, 2
4, 0
5, 2
5, 1
5, 3
5, 1
5, 2
5, 3
6, 2
6, 2
6, 2
6, 3
6, 2
6, 3
7, 1
7, 3
7, 0
7, 3
7, 0
7, 3
8, 0
8, 1
8, 0
8, 2
8, 0
8, 1
9, 3
9, 0
9, 2
9, 0
9, 2
9, 0
10, 1
10, 0
10, 2
10, 0
10, 0
11, 0
11, 0
11, 2
11, 0
11, 2
12, 0
12, 3
12, 0
12, 6
12, 0
13, 8
13, 0
13, 5
13, 0
13, 2
14, 0
14, 0
14, 0
14, 0
14, 12
15, 0
15, 6
15, 0
15, 4
15, 0
16, 1
16, 0
16, 0
16, 15
16, 0
17, 8
17, 0
17, 5
17, 0
17, 2
18, 5
18, 0
18, 17
18, 0
18, 8
19, 0
19, 5
19, 0
19, 2
19, 3
20, 1
20, 20
20, 0
20, 10
20, 0
21, 4
21, 3
21, 2
21, 23
21, 0
22, 13
22, 0
22, 6
22, 4
22, 2
23, 26
23, 0
23, 15
23, 0
23, 6
24, 4
24, 4
24, 29
24, 0
24, 17
25, 0
25, 8
25, 3
25, 4
25, 31
26, 0
26, 20
26, 0
26, 9
26, 4
27, 6
27, 34
27, 0
27, 21
27, 0
28, 11
28, 37
28, 0
28, 25
28, 0
29, 13
29, 46
29, 2
29, 27
29, 0
30, 17
30, 39
30, 3
30, 31
30, 0
31, 20
31, 32
31, 6
31, 35
31, 0
32, 22
32, 25
32, 8
32, 38
33, 0
33, 26
33, 7
33, 14
33, 42
34, 1
34, 28
34, 3
34, 17
34, 45
35, 3
35, 33
35, 19
35, 15
35, 43
36, 3
36, 31
36, 30
36, 11
36, 39
37, 0
37, 27
37, 55
37, 10
37, 37
38, 5
38, 24
38, 53
38, 7
38, 40
39, 1
39, 27
39, 57
39, 10
39, 37
40, 28
40, 19
40, 48
40, 4
41, 35
41, 52
41, 16
41, 44
42, 9
42, 32
42, 56
42, 14
42, 42
43, 33
43, 23
43, 49
43, 8
44, 39
44, 52
44, 21
44, 46
45, 13
45, 31
45, 50
45, 13
46, 39
46, 56
46, 23
46, 45
47, 26
47, 33
47, 48
47, 15
48, 40
48, 51
48, 24
48, 43
49, 37
49, 33
49, 46
49, 18
50, 39
50, 49
50, 28
50, 44
51, 43
51, 35
51, 47
51, 19
52, 40
52, 49
52, 30
52, 43
53, 48
53, 36
53, 47
53, 23
54, 40
54, 49
54, 31
54, 45
55, 50
55, 38
55, 47
55, 36
56, 43
56, 48
56, 34
56, 45
57, 52
57, 39
57, 48
57, 42
58, 42
58, 51
58, 35
58, 45
59, 55
59, 40
59, 48
59, 46
60, 45
60, 51
60, 37
60, 46
61, 56
61, 42
61, 49
61, 48
62, 44
62, 52
62, 38
62, 47
63, 58
63, 42
63, 50
63, 51
64, 46
64, 53
64, 39
64, 47
65, 60
65, 43
65, 52
65, 54
66, 46
66, 53
66, 43
66, 49
67, 56
67, 44
67, 52
67, 57
68, 48
68, 53
68, 50
68, 49
69, 58
69, 45
69, 53
69, 58
70, 47
70, 54
70, 54
70, 50
71, 58
71, 45
71, 53
71, 59
72, 49
72, 55
72, 53
72, 50
73, 56
73, 46
73, 53
73, 61
74, 50
74, 55
74, 57
74, 50
75, 57
75, 47
75, 54
75, 62
76, 49
76, 57
76, 58
76, 51
77, 58
77, 55
77, 54
77, 64
78, 50
78, 57
78, 60
78, 52
79, 60
79, 55
79, 54
79, 64
80, 50
80, 57
80, 61
80, 52
81, 58
81, 56
81, 56
81, 65
82, 51
82, 58
82, 63
82, 53
83, 60
83, 59
83, 56
83, 61
84, 51
84, 58
84, 64
84, 54
85, 60
85, 60
85, 56
85, 63
86, 53
86, 57
86, 64
86, 54
87, 60
87, 62
87, 56
87, 62
88, 56
88, 59
88, 66
88, 54
89, 61
89, 63
89, 57
89, 62
90, 59
90, 59
90, 66
90, 55
91, 61
91, 65
91, 56
91, 63
92, 62
92, 58
92, 68
92, 55
93, 61
93, 65
93, 58
93, 64
94, 62
94, 60
94, 70
94, 55
95, 61
95, 67
95, 57
95, 64
96, 65
96, 58
96, 70
96, 55
97, 62
97, 68
97, 57
97, 64
98, 65
98, 59
98, 68
98, 61
99, 62
99, 68
99, 59
99, 64
100, 69
100, 57
100, 61
100, 72
101, 64
101, 60
101, 66
101, 67
102, 59
102, 63
102, 71
102, 79
103, 62
103, 67
103, 66
103, 60
104, 66
104, 69
104, 59
104, 64
105, 73
105, 66
105, 63
105, 69
106, 69
106, 62
106, 65
106, 71
107, 66
107, 64
107, 68
107, 68
108, 62
108, 67
108, 70
108, 60
109, 64
109, 73
109, 67
109, 64
110, 68
110, 70
110, 62
110, 67
111, 73
111, 65
111, 66
111, 74
112, 68
112, 63
112, 69
112, 71
113, 62
113, 67
113, 75
113, 68
114, 66
114, 71
114, 71
114, 64
115, 69
115, 73
115, 66
115, 67
116, 76
116, 71
116, 65
116, 69
117, 73
117, 63
117, 68
117, 74
118, 69
118, 66
118, 72
118, 70
119, 64
119, 70
119, 74
119, 68
120, 67
120, 78
120, 72
120, 65
121, 71
121, 75
121, 63
121, 71
122, 77
122, 71
122, 68
122, 73
123, 74
123, 66
123, 72
123, 75
124, 70
124, 69
124, 79
124, 73
125, 67
125, 73
125, 74
125, 65
126, 70
126, 79
126, 71
126, 68
127, 76
127, 74
127, 67
127, 72
128, 77
128, 71
128, 71
128, 80
129, 76
129, 67
129, 74
129, 77
130, 67
130, 73
130, 78
130, 74
131, 70
131, 74
131, 76
131, 67
132, 73
132, 77
132, 72
132, 71
133, 81
133, 75
133, 70
133, 75
134, 79
134, 72
134, 74
134, 80
135, 74
135, 71
135, 74
135, 76
136, 67
136, 73
136, 77
136, 72
137, 70
137, 80
137, 75
137, 68
138, 75
138, 76
138, 70
138, 72
139, 80
139, 75
139, 71
139, 81
140, 78
140, 68
140, 74
140, 79
141, 74
141, 72
141, 80
141, 76
142, 70
142, 77
142, 78
142, 74
143, 74
143, 81
143, 77
143, 71
144, 82
144, 78
144, 71
144, 76
145, 81
145, 75
145, 73
145, 82
146, 78
146, 71
146, 77
146, 80
147, 74
147, 76
147, 82
147, 77
148, 73
148, 82
148, 79
148, 71
149, 78
149, 80
149, 77
149, 74
150, 84
150, 78
150, 72
150, 79
151, 80
151, 76
151, 76
151, 82
152, 77
152, 75
152, 83
152, 80
153, 71
153, 79
153, 82
153, 78
154, 76
154, 84
154, 80
154, 73
155, 79
155, 82
155, 78
155, 77
156, 83
156, 80
156, 74
156, 85
157, 82
157, 72
157, 79
157, 83
158, 79
158, 77
158, 84
158, 81
159, 76
159, 81
159, 83
159, 79
160, 79
160, 83
160, 81
160, 75
161, 85
161, 82
161, 74
161, 80
162, 84
162, 81
162, 77
162, 86
163, 81
163, 76
163, 81
163, 83
164, 79
164, 80
164, 86
164, 82
165, 77
165, 87
165, 84
165, 80
166, 82
166, 84
166, 81
166, 78
167, 86
167, 83
167, 77
167, 83
168, 85
168, 80
168, 80
168, 87
169, 83
169, 79
169, 86
169, 84
170, 81
170, 83
170, 85
170, 81
171, 80
171, 87
171, 84
171, 78
172, 88
172, 85
172, 82
172, 82
173, 87
173, 85
173, 79
173, 89
174, 84
174, 81
174, 83
174, 87
175, 84
175, 81
175, 89
175, 86
176, 79
176, 89
176, 86
176, 84
177, 82
177, 89
177, 85
177, 80
178, 89
178, 87
178, 83
178, 84
179, 87
179, 85
179, 82
179, 89
180, 86
180, 80
180, 89
180, 87
181, 86
181, 82
181, 89
181, 86
182, 81
182, 90
182, 87
182, 85
183, 86
183, 90
183, 85
183, 82
184, 90
184, 89
184, 80
184, 90
185, 88
185, 87
185, 85
185, 89
186, 88
186, 81
186, 91
186, 88
187, 86
187, 86
187, 90
187, 87
188, 84
188, 92
188, 88
188, 81
189, 92
189, 89
189, 86
189, 85
190, 91
190, 89
190, 84
190, 91
191, 91
191, 88
191, 88
191, 91
192, 89
192, 85
192, 90
192, 90
193, 78
193, 93
193, 90
193, 89
194, 85
194, 91
194, 89
194, 84
195, 92
195, 90
195, 89
195, 87
196, 91
196, 89
196, 86
196, 92
197, 91
197, 90
197, 93
197, 90
198, 89
198, 88
198, 92
198, 91
199, 85
199, 94
199, 92
199, 90
200, 93
200, 93
200, 91
200, 86
201, 93
201, 91
201, 89
201, 93
202, 93
202, 89
202, 89
202, 93
203, 92
203, 85
203, 93
203, 92
204, 90
204, 95
204, 93
204, 92
205, 88
205, 94
205, 92
205, 89
206, 95
206, 92
206, 92
206, 90
207, 95
207, 91
207, 88
207, 95
208, 94
208, 91
208, 94
208, 94
209, 92
209, 89
209, 93
209, 93
210, 91
210, 94
210, 93
210, 93
211, 91
211, 94
211, 94
211, 87
212, 96
212, 94
212, 92
212, 95
213, 95
213, 93
213, 90
213, 96
214, 94
214, 93
214, 95
214, 95
215, 94
215, 92
215, 95
215, 94
216, 89
216, 96
216, 95
216, 92
217, 96
217, 94
217, 95
217, 90
218, 96
218, 95
218, 92
218, 97
219, 94
219, 95
219, 92
219, 95
220, 95
220, 89
220, 96
220, 95
221, 94
221, 97
221, 95
221, 95
222, 91
222, 97
222, 97
222, 94
223, 97
223, 95
223, 96
223, 91
224, 96
224, 95
224, 95
224, 96
225, 95
225, 95
225, 97
225, 96
226, 96
226, 92
226, 97
226, 96
227, 96
227, 98
227, 98
227, 96
228, 94
228, 97
228, 97
228, 93
229, 98
229, 97
229, 96
229, 99
230, 98
230, 97
230, 93
230, 99
231, 98
231, 97
231, 98
231, 98
232, 98
232, 98
232, 99
232, 98
233, 96
233, 97
233, 97
233, 97
234, 98
234, 99
234, 97
234, 94
235, 98
235, 98
235, 96
235, 100
236, 98
236, 99
236, 93
236, 99
237, 99
237, 98
237, 99
237, 98
238, 98
238, 96
238, 99
238, 99
239, 99
239, 98
239, 98
239, 99
240, 101
240, 100
240, 99
240, 98
241, 101
241, 99
241, 99
241, 99
242, 99
242, 99
242, 100
242, 97
243, 100
243, 100
243, 99
243, 100
244, 99
244, 99
244, 99
244, 100
245, 100
245, 101
245, 99
245, 101
246, 100
246, 101
246, 100
246, 99
247, 100
247, 100
247, 101
247, 100
248, 101
248, 100
248, 100
248, 99
249, 101
249, 101
249, 99
249, 101
250, 99
250, 100
250, 100
250, 101
251, 100
251, 101
251, 101
251, 100
252, 101
252, 119
252, 101
252, 101
253, 102
253, 102
253, 102
253, 100
254, 101
254, 102
254, 100
254, 101
255, 101
255, 101
255, 102
255, 101
254, 101
254, 101
254, 101
254, 101
253, 101
253, 101
253, 101
253, 101
252, 101
252, 100
252, 102
252, 101
251, 100
251, 101
251, 102
251, 101
250, 101
250, 101
250, 101
250, 101
249, 100
249, 100
249, 101
249, 100
248, 100
248, 101
248, 100
248, 101
247, 101
247, 101
247, 100
247, 100
246, 101
246, 100
246, 101
246, 99
245, 101
245, 100
245, 100
245, 101
244, 99
244, 100
244, 99
244, 99
243, 100
243, 100
243, 101
243, 99
242, 116
242, 100
242, 100
242, 99
241, 99
241, 99
241, 100
241, 99
240, 95
240, 99
240, 99
240, 98
239, 100
239, 98
239, 99
239, 98
238, 100
238, 98
238, 98
238, 99
237, 99
237, 98
237, 97
237, 99
236, 98
236, 98
236, 98
236, 98
235, 98
235, 93
235, 98
235, 97
234, 96
234, 99
234, 98
234, 98
233, 98
233, 99
233, 99
233, 93
232, 98
232, 98
232, 97
232, 98
231, 97
231, 98
231, 93
231, 98
230, 97
230, 96
230, 98
230, 98
229, 97
229, 98
229, 97
229, 97
228, 92
228, 98
228, 98
228, 96
227, 97
227, 98
227, 97
227, 93
226, 96
226, 97
226, 95
226, 98
225, 97
225, 96
225, 97
225, 98
224, 96
224, 91
224, 98
224, 96
223, 95
223, 97
223, 96
223, 94
222, 93
222, 96
222, 95
222, 94
221, 97
221, 95
221, 95
221, 97
220, 96
220, 95
220, 90
220, 97
219, 95
219, 94
219, 96
219, 95
218, 95
218, 91
218, 97
218, 95
217, 96
217, 95
217, 96
217, 93
216, 97
216, 96
216, 93
216, 89
215, 96
215, 94
215, 93
215, 96
214, 95
214, 93
214, 91
214, 94
213, 94
213, 82
213, 95
213, 94
212, 93
212, 96
212, 95
212, 93
211, 88
211, 94
211, 94
211, 92
210, 94
210, 94
210, 91
210, 91
209, 94
209, 94
209, 87
209, 95
208, 94
208, 93
208, 91
208, 93
207, 91
207, 88
207, 94
207, 93
206, 89
206, 95
206, 93
206, 91
205, 88
205, 94
205, 92
205, 87
204, 94
204, 94
204, 91
204, 92
203, 92
203, 90
203, 86
203, 94
202, 92
202, 90
202, 94
202, 91
201, 91
201, 87
201, 94
201, 91
200, 85
200, 92
200, 91
200, 90
199, 88
199, 92
199, 91
199, 86
198, 93
198, 91
198, 89
198, 92
197, 91
197, 88
197, 88
197, 92
196, 90
196, 84
196, 92
196, 91
195, 89
195, 88
195, 91
195, 89
194, 85
194, 92
194, 90
194, 89
193, 92
193, 90
193, 88
193, 86
192, 90
192, 89
192, 82
192, 92
191, 90
191, 87
191, 88
191, 89
190, 88
190, 83
190, 91
190, 89
189, 86
189, 92
189, 90
189, 86
188, 84
188, 91
188, 88
188, 81
187, 91
187, 89
187, 86
187, 85
186, 90
186, 87
186, 84
186, 92
185, 88
185, 85
185, 91
185, 88
184, 85
184, 83
184, 88
184, 87
183, 81
183, 90
183, 87
183, 85
182, 85
182, 89
182, 86
182, 82
181, 89
181, 87
181, 79
181, 90
180, 87
180, 84
180, 82
180, 89
179, 86
179, 80
179, 90
179, 87
178, 84
178, 85
178, 89
178, 85
177, 81
177, 89
177, 86
177, 78
176, 87
176, 87
176, 84
176, 83
175, 88
175, 84
175, 79
175, 89
174, 86
174, 83
174, 82
174, 88
173, 84
173, 80
173, 87
173, 85
172, 76
172, 85
172, 86
172, 83
171, 82
171, 87
171, 85
171, 78
170, 89
170, 85
170, 81
170, 81
169, 86
169, 83
169, 79
169, 88
168, 83
168, 77
168, 83
168, 86
167, 81
167, 80
167, 85
167, 82
166, 78
166, 86
166, 84
166, 80
165, 80
165, 84
165, 81
165, 78
164, 86
164, 83
164, 75
164, 83
163, 83
163, 81
163, 79
163, 87
162, 82
162, 76
162, 87
162, 82
161, 78
161, 80
161, 84
161, 79
160, 76
160, 85
160, 81
160, 73
159, 79
159, 82
159, 78
159, 78
158, 84
158, 80
158, 74
158, 84
157, 81
157, 79
157, 79
157, 84
156, 79
156, 75
156, 84
156, 81
155, 74
155, 79
155, 82
155, 78
154, 77
154, 84
154, 79
154, 74
153, 85
153, 80
153, 68
153, 77
152, 82
152, 77
152, 74
152, 83
151, 78
151, 72
151, 79
151, 81
150, 77
150, 74
150, 82
150, 78
149, 73
149, 83
149, 79
149, 71
148, 76
148, 80
148, 76
148, 73
147, 82
147, 79
147, 71
147, 77
146, 80
146, 74
146, 74
146, 81
145, 77
145, 72
145, 76
145, 79
144, 69
144, 75
144, 80
144, 75
143, 71
143, 81
143, 78
143, 70
142, 76
142, 78
142, 74
142, 74
141, 80
141, 76
141, 70
141, 77
140, 78
140, 69
140, 74
140, 79
139, 75
139, 72
139, 80
139, 75
138, 69
138, 75
138, 78
138, 73
137, 72
137, 79
137, 75
137, 70
136, 75
136, 76
136, 67
136, 72
135, 78
135, 72
135, 71
135, 78
134, 75
134, 68
134, 73
134, 77
133, 70
133, 72
133, 78
133, 74
132, 67
132, 74
132, 75
132, 67
131, 70
131, 77
131, 71
131, 69
130, 79
130, 73
130, 67
130, 72
129, 75
129, 70
129, 70
129, 78
128, 72
128, 67
128, 73
128, 74
127, 64
127, 71
127, 76
127, 70
126, 68
126, 77
126, 72
126, 66
125, 70
125, 74
125, 69
125, 69
124, 77
124, 70
124, 67
124, 72
123, 73
123, 63
123, 70
123, 75
122, 68
122, 66
122, 76
122, 71
121, 65
121, 70
121, 72
121, 63
120, 67
120, 74
120, 69
120, 66
119, 71
119, 72
119, 64
119, 67
118, 73
118, 67
118, 66
118, 72
117, 69
117, 64
117, 68
117, 73
116, 61
116, 67
116, 75
116, 69
115, 63
115, 70
115, 71
115, 61
114, 67
114, 72
114, 65
114, 65
113, 68
113, 68
113, 63
113, 68
112, 70
112, 61
112, 64
112, 74
111, 66
111, 63
111, 67
111, 70
110, 59
110, 66
110, 71
110, 64
109, 63
109, 68
109, 69
109, 61
108, 67
108, 69
108, 60
108, 63
107, 72
107, 65
107, 62
107, 66
106, 67
106, 59
106, 64
106, 71
105, 61
105, 62
105, 67
105, 66
104, 59
104, 64
104, 70
104, 58
103, 61
103, 70
103, 64
103, 60
102, 65
102, 67
102, 57
102, 64
101, 69
101, 61
101, 60
101, 67
100, 64
100, 59
100, 65
100, 67
99, 58
99, 64
99, 65
99, 60
98, 66
98, 58
98, 61
98, 68
97, 57
97, 63
97, 66
97, 59
96, 64
96, 61
96, 61
96, 68
95, 56
95, 62
95, 63
95, 57
94, 64
94, 60
94, 60
94, 68
93, 55
93, 61
93, 64
93, 58
92, 62
92, 60
92, 58
92, 68
91, 53
91, 59
91, 64
91, 56
90, 62
90, 59
90, 57
90, 68
89, 52
89, 59
89, 64
89, 54
88, 61
88, 61
88, 57
88, 63
87, 52
87, 57
87, 63
87, 54
86, 60
86, 59
86, 56
86, 62
85, 50
85, 56
85, 64
85, 52
84, 57
84, 60
84, 54
84, 60
83, 46
83, 55
83, 64
83, 51
82, 57
82, 59
82, 53
82, 59
81, 55
81, 55
81, 63
81, 50
80, 57
80, 59
80, 51
80, 58
79, 53
79, 54
79, 64
79, 49
78, 55
78, 61
78, 51
78, 56
77, 55
77, 52
77, 60
77, 48
76, 55
76, 61
76, 50
76, 55
75, 54
75, 52
75, 57
75, 47
74, 53
74, 59
74, 49
74, 56
73, 55
73, 48
73, 57
73, 46
72, 51
72, 59
72, 48
72, 54
71, 55
71, 50
71, 54
71, 44
70, 50
70, 59
70, 45
70, 53
69, 54
69, 48
69, 53
69, 43
68, 49
68, 60
68, 44
68, 51
67, 54
67, 46
67, 53
67, 50
66, 48
66, 56
66, 43
66, 49
65, 54
65, 45
65, 51
65, 46
64, 47
64, 53
64, 40
64, 48
63, 55
63, 43
63, 49
63, 47
62, 46
62, 51
62, 39
62, 46
61, 54
61, 40
61, 49
61, 47
60, 42
60, 50
60, 37
60, 46
59, 55
59, 39
59, 48
59, 47
58, 42
58, 50
58, 33
58, 45
57, 55
57, 36
57, 46
57, 47
56, 39
56, 48
56, 30
56, 41
55, 48
55, 34
55, 44
55, 47
54, 37
54, 47
54, 24
54, 41
53, 48
53, 31
53, 43
53, 48
52, 33
52, 44
52, 32
52, 39
51, 47
51, 25
51, 40
51, 49
50, 31
50, 44
50, 25
50, 36
49, 47
49, 19
49, 40
49, 52
48, 25
48, 44
48, 27
48, 33
47, 47
47, 15
47, 39
47, 53
46, 20
46, 44
46, 31
46, 30
45, 48
45, 11
45, 36
45, 50
44, 16
44, 42
44, 35
44, 26
43, 46
43, 7
43, 38
43, 51
42, 16
42, 44
42, 10
42, 26
41, 50
41, 7
41, 39
41, 31
40, 19
40, 46
40, 5
40, 34
40, 51
39, 13
39, 41
39, 1
39, 28
39, 55
38, 8
38, 41
38, 0
38, 26
38, 57
37, 9
37, 41
37, 1
37, 27
37, 54
36, 8
36, 41
36, 0
36, 27
36, 46
35, 8
35, 40
35, 1
35, 27
35, 37
34, 8
34, 40
34, 1
34, 26
34, 27
33, 7
33, 40
33, 1
33, 25
33, 6
32, 12
32, 39
32, 1
32, 25
32, 3
31, 11
31, 41
31, 1
31, 25
31, 0
30, 11
30, 38
30, 0
30, 25
30, 0
29, 12
29, 38
29, 1
29, 24
29, 0
28, 12
28, 37
28, 0
28, 25
28, 0
27, 11
27, 37
27, 0
27, 24
27, 0
26, 10
26, 34
26, 0
26, 23
26, 0
25, 10
25, 25
25, 0
25, 22
25, 0
24, 10
24, 4
24, 2
24, 28
24, 0
23, 14
23, 0
23, 7
23, 3
23, 1
22, 23
22, 0
22, 14
22, 0
22, 5
21, 4
21, 1
21, 21
21, 0
21, 10
20, 0
20, 2
20, 4
20, 1
20, 19
19, 0
19, 9
19, 0
19, 3
19, 0
18, 0
18, 5
18, 0
18, 15
18, 0
17, 6
17, 0
17, 3
17, 0
17, 0
16, 13
16, 0
16, 7
16, 0
16, 4
15, 0
15, 1
15, 0
15, 0
15, 11
14, 0
14, 5
14, 0
14, 1
14, 0
13, 0
13, 4
13, 0
13, 8
13, 0
12, 2
12, 0
12, 0
12, 0
12, 0
11, 2
11, 0
11, 6
11, 0
11, 0
10, 0
10, 0
10, 1
10, 0
10, 2
9, 0
9, 2
9, 0
9, 3
9, 0
9, 1
8, 0
8, 0
8, 0
8, 1
8, 1
8, 1
7, 3
7, 1
7, 3
7, 0
7, 2
7, 0
6, 2
6, 0
6, 2
6, 0
6, 2
6, 0
5, 2
5, 1
5, 2
5, 2
5, 1
5, 3
4, 2
4, 5
4, 2
4, 2
4, 2
4, 3
3, 1
3, 3
3, 2
3, 2
3, 2
3, 2
2, 3
2, 3
2, 3
2, 3
2, 2
2, 2
1, 3
1, 3
1, 3
1, 3
1, 4
1, 2
0, 2
0, 3
0, 3
0, 4
0, 4
0, 3
1, 2
1, 2
1, 3
1, 3
1, 2
1, 4
2, 2
2, 4
2, 3
2, 2
2, 2
2, 3
3, 0
3, 3
3, 1
3, 3
3, 1
3, 3
4, 2
4, 1
4, 2
4, 2
4, 4
4, 2
5, 2
5, 1
5, 2
5, 0
5, 2
5, 0
6, 2
6, 0
6, 2
6, 1
6, 2
6, 1
7, 1
7, 4
7, 1
7, 3
7, 0
7, 2
8, 0
8, 1
8, 0
8, 1
8, 0
8, 1
9, 0
9, 1
9, 0
9, 0
9, 0
9, 0
10, 0
10, 0
10, 0
10, 1
10, 0
11, 2
11, 0
11, 2
11, 0
11, 7
12, 0
12, 4
12, 0
12, 2
12, 0
13, 1
13, 0
13, 0
13, 0
13, 0
14, 11
14, 0
14, 4
14, 0
14, 3
15, 0
15, 1
15, 0
15, 0
15, 12
16, 0
16, 6
16, 0
16, 4
16, 0
17, 1
17, 3
17, 0
17, 15
17, 0
18, 8
18, 0
18, 4
18, 0
18, 2
19, 3
19, 0
19, 18
19, 0
19, 8
20, 0
20, 7
20, 0
20, 3
20, 8
21, 0
21, 20
21, 0
21, 9
21, 0
22, 7
22, 0
22, 2
22, 29
22, 0
23, 17
23, 0
23, 8
23, 0
23, 4
24, 31
24, 0
24, 19
24, 0
24, 10
25, 25
25, 1
25, 23
25, 0
25, 12
26, 5
26, 5
26, 31
26, 0
26, 19
27, 0
27, 10
27, 36
27, 0
27, 23
28, 0
28, 13
28, 40
28, 1
28, 25
29, 0
29, 16
29, 37
29, 2
29, 29
30, 0
30, 18
30, 31
30, 4
30, 33
31, 0
31, 20
31, 22
31, 6
31, 36
32, 0
32, 24
32, 5
32, 12
32, 39
33, 0
33, 28
33, 3
33, 15
33, 43
34, 3
34, 31
34, 2
34, 16
34, 46
35, 5
35, 35
35, 0
35, 17
35, 51
36, 6
36, 37
36, 0
36, 23
36, 55
37, 8
37, 41
37, 0
37, 26
37, 54
38, 11
38, 38
38, 6
38, 24
38, 53
39, 8
39, 42
39, 1
39, 28
39, 56
40, 12
40, 38
40, 28
40, 19
41, 46
41, 5
41, 35
41, 51
42, 17
42, 45
42, 9
42, 33
42, 55
43, 14
43, 41
43, 34
43, 24
44, 47
44, 8
44, 39
44, 50
45, 21
45, 46
45, 12
45, 31
46, 48
46, 15
46, 39
46, 52
47, 25
47, 44
47, 25
47, 32
48, 48
48, 18
48, 39
48, 54
49, 25
49, 44
49, 36
49, 33
50, 47
50, 19
50, 39
50, 54
51, 28
51, 43
51, 44
51, 35
52, 45
52, 23
52, 39
52, 49
53, 32
53, 44
53, 46
53, 36
54, 46
54, 25
54, 41
54, 49
55, 32
55, 44
55, 49
55, 37
56, 47
56, 30
56, 40
56, 50
57, 36
57, 45
57, 52
57, 39
58, 47
58, 43
58, 42
58, 49
59, 36
59, 46
59, 53
59, 40
60, 48
60, 46
60, 43
60, 51
61, 38
61, 46
61, 55
61, 41
62, 50
62, 49
62, 44
62, 52
63, 39
63, 48
63, 58
63, 41
64, 50
64, 53
64, 45
64, 51
65, 40
65, 48
65, 60
65, 42
66, 52
66, 54
66, 46
66, 52
67, 49
67, 49
67, 55
67, 43
68, 51
68, 56
68, 47
68, 54
69, 50
69, 49
69, 57
69, 43
70, 51
70, 57
70, 47
70, 53
71, 54
71, 49
71, 56
71, 46
72, 51
72, 59
72, 48
72, 55
73, 55
73, 51
73, 57
73, 47
74, 52
74, 60
74, 48
74, 54
75, 57
75, 51
75, 57
75, 46
76, 54
76, 62
76, 50
76, 55
77, 58
77, 52
77, 58
77, 55
78, 53
78, 62
78, 49
78, 57
79, 60
79, 50
79, 58
79, 55
80, 55
80, 63
80, 50
80, 57
81, 61
81, 53
81, 60
81, 56
82, 54
82, 64
82, 50
82, 57
83, 63
83, 54
83, 59
83, 57
84, 56
84, 64
84, 52
84, 58
85, 64
85, 54
85, 59
85, 60
86, 56
86, 60
86, 52
86, 58
87, 65
87, 54
87, 59
87, 61
88, 56
88, 62
88, 55
88, 58
89, 65
89, 55
89, 60
89, 62
90, 56
90, 62
90, 58
90, 58
91, 67
91, 54
91, 60
91, 64
92, 57
92, 62
92, 60
92, 58
93, 67
93, 55
93, 61
93, 66
94, 56
94, 64
94, 63
94, 58
95, 68
95, 55
95, 62
95, 66
96, 56
96, 64
96, 62
96, 60
97, 71
97, 56
97, 61
97, 66
98, 57
98, 63
98, 65
98, 59
99, 69
99, 62
99, 63
99, 68
100, 56
100, 62
100, 70
100, 65
101, 60
101, 64
101, 67
101, 59
102, 62
102, 71
102, 62
102, 61
103, 65
103, 66
103, 58
103, 63
104, 68
104, 57
104, 62
104, 72
105, 64
105, 61
105, 65
105, 68
106, 59
106, 64
106, 70
106, 64
107, 63
107, 66
107, 67
107, 61
108, 65
108, 71
108, 59
108, 64
109, 74
109, 67
109, 62
109, 66
110, 70
110, 59
110, 65
110, 71
111, 65
111, 63
111, 69
111, 68
112, 61
112, 67
112, 72
112, 78
113, 65
113, 73
113, 67
113, 62
114, 68
114, 70
114, 62
114, 66
115, 74
115, 66
115, 65
115, 70
116, 69
116, 63
116, 67
116, 72
117, 68
117, 66
117, 74
117, 69
118, 64
118, 69
118, 72
118, 61
119, 67
119, 73
119, 67
119, 65
120, 72
120, 72
120, 63
120, 69
121, 74
121, 68
121, 66
121, 76
122, 70
122, 65
122, 70
122, 73
123, 64
123, 69
123, 75
123, 70
124, 67
124, 74
124, 73
124, 65
125, 71
125, 75
125, 68
125, 68
126, 77
126, 71
126, 66
126, 71
127, 73
127, 64
127, 69
127, 75
128, 71
128, 68
128, 75
128, 73
129, 66
129, 71
129, 75
129, 70
130, 69
130, 78
130, 73
130, 67
131, 73
131, 76
131, 65
131, 72
132, 78
132, 72
132, 69
132, 81
133, 74
133, 67
133, 72
133, 77
134, 72
134, 70
134, 79
134, 73
135, 69
135, 74
135, 76
135, 66
136, 72
136, 78
136, 72
136, 69
137, 80
137, 76
137, 67
137, 74
138, 78
138, 72
138, 72
138, 79
139, 75
139, 69
139, 76
139, 77
140, 69
140, 73
140, 79
140, 75
141, 72
141, 81
141, 77
141, 68
142, 75
142, 79
142, 73
142, 73
143, 80
143, 76
143, 70
143, 76
144, 78
144, 74
144, 75
144, 80
145, 76
145, 72
145, 82
145, 79
146, 70
146, 76
146, 80
146, 75
147, 74
147, 82
147, 78
147, 73
148, 77
148, 79
148, 72
148, 76
149, 81
149, 78
149, 73
149, 81
150, 79
150, 70
150, 77
150, 81
151, 77
151, 75
151, 83
151, 78
152, 73
152, 81
152, 80
152, 75
153, 76
153, 82
153, 78
153, 74
154, 84
154, 80
154, 73
154, 78
155, 82
155, 79
155, 77
155, 83
156, 80
156, 74
156, 83
156, 81
157, 77
157, 78
157, 84
157, 80
158, 76
158, 84
158, 81
158, 72
159, 79
159, 83
159, 79
159, 77
160, 85
160, 81
160, 75
160, 86
161, 83
161, 78
161, 79
161, 84
162, 81
162, 77
162, 85
162, 82
163, 75
163, 81
163, 84
163, 80
164, 79
164, 86
164, 82
164, 76
165, 86
165, 84
165, 80
165, 79
166, 85
166, 82
166, 77
166, 86
167, 83
167, 76
167, 82
167, 85
168, 82
168, 79
168, 86
168, 84
169, 76
169, 88
169, 85
169, 81
170, 81
170, 85
170, 83
170, 78
171, 88
171, 83
171, 77
171, 82
172, 85
172, 82
172, 80
172, 87
173, 84
173, 79
173, 87
173, 86
174, 81
174, 82
174, 87
174, 83
175, 80
175, 88
175, 86
175, 82
176, 84
176, 87
176, 84
176, 81
177, 88
177, 85
177, 79
177, 89
178, 87
178, 84
178, 83
178, 89
179, 85
179, 81
179, 89
179, 87
180, 83
180, 85
180, 88
180, 85
181, 82
181, 89
181, 86
181, 79
182, 90
182, 88
182, 85
182, 84
183, 89
183, 86
183, 82
183, 89
184, 87
184, 84
184, 88
184, 89
185, 86
185, 84
185, 90
185, 88
186, 81
186, 91
186, 89
186, 86
187, 86
187, 90
187, 88
187, 82
188, 91
188, 88
188, 85
188, 88
189, 89
189, 87
189, 85
189, 90
190, 89
190, 82
190, 91
190, 89
191, 86
191, 85
191, 91
191, 87
192, 83
192, 91
192, 89
192, 88
193, 92
193, 90
193, 88
193, 85
194, 91
194, 90
194, 82
194, 92
195, 91
195, 88
195, 86
195, 92
196, 89
196, 84
196, 92
196, 89
197, 88
197, 93
197, 91
197, 88
198, 86
198, 91
198, 90
198, 84
199, 92
199, 91
199, 88
199, 88
200, 91
200, 90
200, 85
200, 93
201, 92
201, 88
201, 93
201, 92
202, 91
202, 87
202, 94
202, 91
203, 80
203, 94
203, 92
203, 90
204, 89
204, 92
204, 91
204, 86
205, 93
205, 93
205, 90
205, 94
206, 93
206, 91
206, 88
206, 92
207, 92
207, 92
207, 94
207, 92
208, 91
208, 89
208, 93
208, 91
209, 87
209, 94
209, 93
209, 90
210, 95
210, 93
210, 92
210, 90
211, 95
211, 93
211, 92
211, 95
212, 94
212, 93
212, 92
212, 93
213, 93
213, 88
213, 95
213, 94
214, 92
214, 96
214, 94
214, 93
215, 90
215, 95
215, 93
215, 92
216, 96
216, 94
216, 93
216, 93
217, 96
217, 94
217, 89
217, 95
218, 95
218, 94
218, 97
218, 96
219, 94
219, 90
219, 97
219, 94
220, 93
220, 96
220, 95
220, 94
221, 97
221, 96
221, 95
221, 89
222, 96
222, 95
222, 93
222, 96
223, 96
223, 94
223, 91
223, 96
224, 95
224, 94
224, 97
224, 97
225, 94
225, 97
225, 96
225, 96
226, 90
226, 97
226, 96
226, 96
227, 97
227, 98
227, 96
227, 93
228, 97
228, 96
228, 95
228, 97
229, 97
229, 96
229, 99
229, 97
230, 96
230, 96
230, 98
230, 97
231, 96
231, 99
231, 98
231, 97
232, 93
232, 98
232, 98
232, 95
233, 98
233, 97
233, 98
233, 98
234, 98
234, 97
234, 99
234, 98
235, 97
235, 96
235, 98
235, 98
236, 97
236, 94
236, 97
236, 98
237, 97
237, 98
237, 99
237, 98
238, 99
238, 97
238, 99
238, 96
239, 99
239, 98
239, 98
239, 99
240, 99
240, 98
240, 95
240, 100
241, 98
241, 98
241, 99
241, 99
242, 98
242, 95
242, 99
242, 99
243, 98
243, 99
243, 99
243, 99
244, 100
244, 100
244, 99
244, 100
245, 95
245, 100
245, 100
245, 99
246, 97
246, 101
246, 99
246, 99
247, 100
247, 101
247, 100
247, 99
248, 101
248, 100
248, 100
248, 100
249, 99
249, 100
249, 101
249, 100
250, 100
250, 101
250, 100
250, 100
251, 101
251, 101
251, 101
251, 101
252, 100
252, 100
252, 101
252, 100
253, 101
253, 100
253, 101
253, 101
254, 101
254, 101
254, 100
254, 101
255, 102
255, 101
255, 102
255, 101
254, 101
254, 101
254, 100
254, 101
253, 100
253, 101
253, 101
253, 101
252, 101
252, 100
252, 101
252, 102
251, 99
251, 100
251, 100
251, 100
250, 100
250, 100
250, 97
250, 100
249, 101
249, 101
249, 100
249, 101
248, 100
248, 99
248, 99
248, 100
247, 100
247, 100
247, 101
247, 100
246, 100
246, 100
246, 99
246, 97
245, 100
245, 99
245, 100
245, 95
244, 100
244, 100
244, 100
244, 99
243, 100
243, 99
243, 99
243, 100
242, 100
242, 100
242, 100
242, 98
241, 100
241, 99
241, 99
241, 93
240, 100
240, 99
240, 98
240, 99
239, 99
239, 97
239, 94
239, 98
238, 98
238, 98
238, 99
238, 99
237, 97
237, 95
237, 99
237, 99
236, 97
236, 99
236, 98
236, 98
235, 99
235, 99
235, 98
235, 93
234, 98
234, 97
234, 97
234, 99
233, 98
233, 97
233, 92
233, 98
232, 97
232, 96
232, 99
232, 98
231, 96
231, 98
231, 96
231, 97
230, 92
230, 98
230, 97
230, 96
229, 99
229, 97
229, 97
229, 92
228, 97
228, 97
228, 96
228, 98
227, 97
227, 96
227, 97
227, 98
226, 96
226, 92
226, 97
226, 96
225, 95
225, 98
225, 96
225, 95
224, 93
224, 97
224, 96
224, 94
223, 97
223, 96
223, 95
223, 97
222, 97
222, 94
222, 90
222, 97
221, 95
221, 94
221, 97
221, 95
220, 94
220, 92
220, 96
220, 95
219, 94
219, 97
219, 95
219, 94
218, 97
218, 95
218, 95
218, 89
217, 96
217, 95
217, 93
217, 96
216, 95
216, 93
216, 90
216, 95
215, 94
215, 92
215, 96
215, 95
214, 92
214, 95
214, 94
214, 93
213, 88
213, 94
213, 94
213, 91
212, 96
212, 94
212, 93
212, 90
211, 95
211, 93
211, 87
211, 95
210, 93
210, 91
210, 95
210, 94
209, 92
209, 87
209, 94
209, 93
208, 91
208, 94
208, 94
208, 92
207, 89
207, 94
207, 92
207, 86
206, 94
206, 92
206, 91
206, 92
205, 93
205, 92
205, 87
205, 93
204, 92
204, 90
204, 94
204, 93
203, 90
203, 89
203, 93
203, 91
202, 85
202, 93
202, 91
202, 89
201, 89
201, 92
201, 91
201, 86
200, 93
200, 91
200, 88
200, 94
199, 91
199, 90
199, 86
199, 91
198, 90
198, 85
198, 93
198, 91
197, 89
197, 88
197, 92
197, 90
196, 86
196, 91
196, 91
196, 88
195, 92
195, 91
195, 88
195, 87
194, 92
194, 89
194, 83
194, 92
193, 90
193, 87
193, 88
193, 90
192, 89
192, 83
192, 92
192, 88
191, 86
191, 92
191, 90
191, 87
190, 85
190, 91
190, 89
190, 83
189, 91
189, 89
189, 86
189, 87
188, 89
188, 87
188, 84
188, 91
187, 88
187, 88
187, 90
187, 89
186, 86
186, 84
186, 90
186, 87
185, 81
185, 90
185, 87
185, 85
184, 85
184, 89
184, 86
184, 82
183, 89
183, 87
183, 75
183, 90
182, 88
182, 85
182, 84
182, 89
181, 87
181, 80
181, 90
181, 88
180, 84
180, 84
180, 88
180, 85
179, 81
179, 89
179, 86
179, 79
178, 85
178, 88
178, 84
178, 82
177, 88
177, 85
177, 78
177, 89
176, 86
176, 82
176, 84
176, 87
175, 84
175, 80
175, 88
175, 86
174, 77
174, 88
174, 86
174, 83
173, 81
173, 87
173, 84
173, 79
172, 87
172, 85
172, 82
172, 83
171, 87
171, 81
171, 79
171, 87
170, 84
170, 76
170, 83
170, 85
169, 81
169, 80
169, 86
169, 83
168, 77
168, 86
168, 84
168, 81
167, 80
167, 85
167, 82
167, 77
166, 86
166, 83
166, 76
166, 81
165, 85
165, 80
165, 79
165, 85
164, 81
164, 76
164, 86
164, 83
163, 79
163, 80
163, 84
163, 81
162, 77
162, 85
162, 82
162, 74
161, 81
161, 84
161, 79
161, 78
160, 84
160, 80
160, 75
160, 85
159, 81
159, 79
159, 78
159, 83
158, 80
158, 76
158, 85
158, 81
157, 73
157, 79
157, 82
157, 78
156, 77
156, 82
156, 79
156, 74
155, 84
155, 81
155, 78
155, 78
154, 82
154, 78
154, 75
154, 84
153, 79
153, 73
153, 78
153, 81
152, 76
152, 76
152, 83
152, 78
151, 73
151, 83
151, 80
151, 70
150, 77
150, 81
150, 77
150, 74
149, 83
149, 79
149, 71
149, 77
148, 79
148, 76
148, 75
148, 82
147, 77
147, 72
147, 78
147, 79
146, 70
146, 75
146, 81
146, 75
145, 73
145, 82
145, 77
145, 70
144, 76
144, 80
144, 74
144, 74
143, 80
143, 76
143, 70
143, 77
142, 77
142, 69
142, 74
142, 80
141, 75
141, 71
141, 80
141, 76
140, 70
140, 73
140, 77
140, 72
139, 72
139, 79
139, 74
139, 69
138, 75
138, 77
138, 67
138, 74
137, 78
137, 74
137, 70
137, 79
136, 74
136, 68
136, 74
136, 77
135, 71
135, 70
135, 78
135, 73
134, 69
134, 75
134, 76
134, 65
133, 72
133, 77
133, 72
133, 70
132, 78
132, 74
132, 67
132, 73
131, 76
131, 70
131, 70
131, 77
130, 73
130, 68
130, 74
130, 74
129, 65
129, 70
129, 76
129, 70
128, 68
128, 78
128, 73
128, 65
127, 71
127, 76
127, 72
127, 69
126, 76
126, 70
126, 67
126, 72
125, 73
125, 64
125, 70
125, 75
124, 68
124, 66
124, 76
124, 71
123, 64
123, 71
123, 74
123, 58
122, 68
122, 75
122, 68
122, 66
121, 70
121, 72
121, 63
121, 68
120, 74
120, 68
120, 67
120, 75
119, 71
119, 64
119, 68
119, 73
118, 62
118, 66
118, 75
118, 68
117, 64
117, 70
117, 71
117, 63
116, 66
116, 72
116, 67
116, 64
115, 68
115, 69
115, 63
115, 68
114, 72
114, 60
114, 65
114, 74
113, 67
113, 62
113, 68
113, 70
112, 61
112, 66
112, 71
112, 65
111, 64
111, 69
111, 67
111, 62
110, 66
110, 70
110, 60
110, 63
109, 72
109, 65
109, 61
109, 68
108, 68
108, 59
108, 63
108, 71
107, 63
107, 62
107, 67
107, 66
106, 60
106, 65
106, 68
106, 58
105, 62
105, 72
105, 64
105, 60
104, 66
104, 67
104, 60
104, 64
103, 70
103, 61
103, 61
103, 66
102, 65
102, 58
102, 64
102, 68
101, 57
101, 62
101, 69
101, 63
100, 59
100, 64
100, 66
100, 57
99, 63
99, 65
99, 59
99, 66
98, 61
98, 61
98, 67
98, 57
97, 62
97, 64
97, 58
97, 65
96, 61
96, 61
96, 67
96, 56
95, 61
95, 65
95, 57
95, 64
94, 60
94, 59
94, 67
94, 55
93, 61
93, 64
93, 55
93, 63
92, 61
92, 58
92, 68
92, 54
91, 60
91, 64
91, 56
91, 62
90, 60
90, 57
90, 68
90, 52
89, 58
89, 64
89, 54
89, 60
88, 61
88, 56
88, 61
88, 52
87, 58
87, 64
87, 53
87, 59
86, 61
86, 55
86, 60
86, 52
85, 57
85, 64
85, 53
85, 59
84, 60
84, 54
84, 60
84, 57
83, 56
83, 64
83, 51
83, 57
82, 60
82, 53
82, 58
82, 55
81, 54
81, 64
81, 51
81, 56
80, 60
80, 51
80, 58
80, 57
79, 55
79, 64
79, 49
79, 55
78, 61
78, 50
78, 57
78, 56
77, 52
77, 58
77, 47
77, 54
76, 60
76, 50
76, 55
76, 56
75, 51
75, 57
75, 46
75, 54
74, 60
74, 48
74, 54
74, 57
73, 50
73, 56
73, 45
73, 52
72, 59
72, 47
72, 54
72, 56
71, 48
71, 55
71, 44
71, 50
70, 60
70, 45
70, 52
70, 56
69, 48
69, 55
69, 48
69, 50
68, 56
68, 43
68, 51
68, 55
67, 46
67, 52
67, 49
67, 49
66, 54
66, 42
66, 50
66, 56
65, 43
65, 51
65, 49
65, 47
64, 53
64, 42
64, 48
64, 55
63, 42
63, 50
63, 49
63, 45
62, 52
62, 37
62, 47
62, 56
61, 41
61, 48
61, 48
61, 44
60, 50
60, 35
60, 46
60, 55
59, 38
59, 47
59, 49
59, 42
58, 48
58, 33
58, 42
58, 51
57, 36
57, 46
57, 49
57, 40
56, 47
56, 29
56, 42
56, 50
55, 32
55, 44
55, 49
55, 37
54, 46
54, 29
54, 41
54, 48
53, 28
53, 42
53, 50
53, 34
52, 44
52, 31
52, 38
52, 47
51, 24
51, 41
51, 50
51, 30
50, 44
50, 32
50, 35
50, 47
49, 18
49, 39
49, 53
49, 28
48, 42
48, 35
48, 32
48, 47
47, 14
47, 38
47, 50
47, 21
46, 42
46, 39
46, 29
46, 45
45, 8
45, 41
45, 51
45, 22
45, 45
44, 9
44, 35
44, 54
44, 16
44, 42
43, 34
43, 24
43, 47
43, 6
42, 38
42, 51
42, 17
42, 44
41, 1
41, 31
41, 55
41, 12
41, 41
40, 29
40, 19
40, 46
40, 3
39, 32
39, 50
39, 12
39, 41
38, 0
38, 26
38, 53
38, 8
38, 42
37, 0
37, 25
37, 56
37, 8
37, 42
36, 0
36, 25
36, 53
36, 9
36, 41
35, 1
35, 23
35, 45
35, 8
35, 41
34, 0
34, 25
34, 36
34, 8
34, 40
33, 0
33, 23
33, 27
33, 8
33, 41
32, 0
32, 24
32, 4
32, 12
32, 39
31, 0
31, 24
31, 3
31, 12
31, 40
30, 1
30, 23
30, 0
30, 11
30, 39
29, 0
29, 23
29, 0
29, 11
29, 38
28, 0
28, 23
28, 0
28, 11
28, 37
27, 0
27, 22
27, 0
27, 11
27, 37
26, 0
26, 22
26, 0
26, 10
26, 33
25, 0
25, 21
25, 0
25, 10
25, 26
24, 0
24, 21
24, 0
24, 9
24, 0
23, 4
23, 32
23, 1
23, 18
23, 0
22, 8
22, 0
22, 4
22, 22
22, 0
21, 15
21, 0
21, 6
21, 0
21, 3
20, 8
20, 0
20, 18
20, 0
20, 9
19, 0
19, 3
19, 0
19, 2
19, 23
18, 0
18, 10
18, 0
18, 4
18, 0
17, 0
17, 21
17, 0
17, 8
17, 0
16, 4
16, 0
16, 1
16, 0
16, 0
15, 13
15, 0
15, 5
15, 0
15, 4
14, 0
14, 0
14, 3
14, 0
14, 9
13, 0
13, 5
13, 0
13, 0
13, 0
12, 0
12, 1
12, 0
12, 6
12, 0
11, 0
11, 1
11, 0
11, 1
11, 0
10, 1
10, 0
10, 2
10, 0
10, 0
9, 0
9, 6
9, 0
9, 3
9, 0
9, 2
8, 0
8, 2
8, 0
8, 2
8, 0
8, 2
7, 0
7, 1
7, 0
7, 1
7, 0
7, 1
6, 6
6, 1
6, 2
6, 1
6, 2
6, 0
5, 2
5, 1
5, 2
5, 0
5, 2
5, 0
4, 3
4, 0
4, 2
4, 2
4, 3
4, 7
3, 2
3, 4
3, 1
3, 3
3, 2
3, 3
2, 2
2, 3
2, 2
2, 3
2, 2
2, 3
1, 3
1, 3
1, 2
1, 3
1, 2
1, 4
0, 4
0, 3
0, 4
0, 3
0, 4
0, 4
1, 2
1, 2
1, 3
1, 4
1, 3
1, 3
2, 3
2, 2
2, 3
2, 10
2, 3
2, 3
3, 3
3, 4
3, 2
3, 3
3, 3
3, 3
4, 2
4, 4
4, 2
4, 2
4, 0
4, 1
5, 0
5, 1
5, 1
5, 2
5, 2
5, 2
6, 3
6, 1
6, 3
6, 0
6, 2
6, 0
7, 2
7, 0
7, 2
7, 0
7, 1
7, 0
8, 1
8, 0
8, 1
8, 0
8, 0
8, 2
9, 0
9, 3
9, 0
9, 1
9, 0
9, 2
10, 0
10, 2
10, 0
10, 2
10, 0
11, 2
11, 0
11, 0
11, 2
11, 0
12, 0
12, 0
12, 0
12, 0
12, 7
13, 0
13, 7
13, 0
13, 3
13, 0
14, 2
14, 0
14, 0
14, 0
14, 0
15, 12
15, 0
15, 5
15, 0
15, 2
16, 0
16, 1
16, 3
16, 0
16, 13
17, 0
17, 7
17, 0
17, 4
17, 0
18, 0
18, 4
18, 0
18, 16
18, 0
19, 9
19, 0
19, 4
19, 0
19, 2
20, 8
20, 1
20, 19
20, 0
20, 9
21, 0
21, 6
21, 0
21, 3
21, 28
22, 0
22, 15
22, 0
22, 6
22, 0
23, 4
23, 29
23, 0
23, 18
23, 0
24, 9
24, 0
24, 5
24, 30
24, 0
25, 22
25, 0
25, 9
25, 0
25, 5
26, 34
26, 0
26, 24
26, 0
26, 12
27, 28
27, 2
27, 25
27, 0
27, 15
28, 9
28, 7
28, 36
28, 0
28, 24
29, 0
29, 12
29, 40
29, 2
29, 26
30, 0
30, 16
30, 47
30, 2
30, 30
31, 0
31, 17
31, 40
31, 4
31, 33
32, 0
32, 21
32, 33
32, 5
32, 36
33, 0
33, 24
33, 27
33, 8
33, 41
34, 2
34, 27
34, 24
34, 10
34, 38
35, 0
35, 26
35, 45
35, 8
35, 41
36, 1
36, 28
36, 39
36, 10
36, 38
37, 0
37, 25
37, 55
37, 8
37, 41
38, 2
38, 29
38, 57
38, 10
38, 37
39, 6
39, 27
39, 53
39, 8
39, 41
40, 1
40, 28
40, 54
40, 11
40, 39
41, 30
41, 20
41, 47
41, 5
42, 37
42, 52
42, 17
42, 44
43, 9
43, 34
43, 51
43, 15
43, 42
44, 35
44, 26
44, 47
44, 7
45, 40
45, 50
45, 22
45, 43
46, 15
46, 32
46, 48
46, 13
47, 38
47, 51
47, 24
47, 44
48, 28
48, 33
48, 48
48, 17
49, 39
49, 53
49, 27
49, 43
50, 38
50, 34
50, 46
50, 19
51, 39
51, 54
51, 29
51, 43
52, 43
52, 36
52, 46
52, 22
53, 41
53, 47
53, 30
53, 44
54, 47
54, 36
54, 46
54, 25
55, 41
55, 50
55, 32
55, 43
56, 49
56, 39
56, 47
56, 30
57, 42
57, 50
57, 33
57, 45
58, 53
58, 39
58, 48
58, 42
59, 43
59, 51
59, 36
59, 45
60, 54
60, 41
60, 49
60, 46
61, 43
61, 52
61, 38
61, 46
62, 55
62, 42
62, 49
62, 49
63, 45
63, 52
63, 39
63, 48
64, 58
64, 43
64, 49
64, 52
65, 46
65, 52
65, 39
65, 48
66, 59
66, 43
66, 51
66, 54
67, 46
67, 52
67, 49
67, 49
68, 56
68, 44
68, 51
68, 56
69, 46
69, 54
69, 50
69, 50
70, 56
70, 45
70, 52
70, 58
71, 48
71, 54
71, 52
71, 50
72, 57
72, 46
72, 52
72, 59
73, 48
73, 55
73, 54
73, 50
74, 57
74, 47
74, 54
74, 60
75, 49
75, 55
75, 56
75, 52
76, 58
76, 46
76, 53
76, 62
77, 49
77, 56
77, 58
77, 52
78, 58
78, 51
78, 54
78, 62
79, 49
79, 57
79, 61
79, 52
80, 58
80, 54
80, 53
80, 64
81, 49
81, 57
81, 61
81, 51
82, 59
82, 57
82, 54
82, 65
83, 50
83, 57
83, 62
83, 52
84, 59
84, 59
84, 55
84, 63
85, 52
85, 58
85, 63
85, 53
86, 59
86, 61
86, 55
86, 61
87, 52
87, 59
87, 65
87, 54
88, 60
88, 61
88, 55
88, 63
89, 58
89, 58
89, 65
89, 55
90, 60
90, 62
90, 56
90, 61
91, 60
91, 59
91, 66
91, 54
92, 60
92, 64
92, 56
92, 62
93, 60
93, 59
93, 67
93, 56
94, 61
94, 65
94, 57
94, 63
95, 63
95, 60
95, 68
95, 55
96, 61
96, 66
96, 57
96, 64
97, 63
97, 59
97, 70
97, 56
98, 62
98, 68
98, 57
98, 64
99, 64
99, 59
99, 70
99, 61
100, 61
100, 65
100, 65
100, 58
101, 63
101, 68
101, 57
101, 61
102, 70
102, 65
102, 60
102, 65
103, 67
103, 59
103, 64
103, 70
104, 63
104, 62
104, 67
104, 66
105, 60
105, 64
105, 69
105, 58
106, 64
106, 71
106, 65
106, 61
107, 66
107, 68
107, 59
107, 65
108, 70
108, 64
108, 63
108, 68
109, 67
109, 61
109, 66
109, 70
110, 59
110, 64
110, 73
110, 66
111, 64
111, 68
111, 69
111, 61
112, 65
112, 72
112, 65
112, 64
113, 68
113, 69
113, 62
113, 67
114, 71
114, 60
114, 65
114, 73
115, 67
115, 64
115, 68
115, 70
116, 62
116, 67
116, 73
116, 67
117, 65
117, 71
117, 70
117, 64
118, 69
118, 73
118, 61
118, 66
119, 74
119, 69
119, 65
119, 70
120, 72
120, 64
120, 69
120, 74
121, 69
121, 66
121, 75
121, 71
122, 65
122, 70
122, 74
122, 82
123, 67
123, 76
123, 69
123, 66
124, 71
124, 74
124, 64
124, 68
125, 75
125, 69
125, 68
125, 76
126, 71
126, 65
126, 71
126, 74
127, 72
127, 69
127, 77
127, 72
128, 66
128, 73
128, 74
128, 66
129, 71
129, 77
129, 70
129, 69
130, 78
130, 73
130, 67
130, 72
131, 76
131, 69
131, 70
131, 77
132, 72
132, 69
132, 74
132, 76
133, 66
133, 71
133, 77
133, 72
134, 70
134, 79
134, 74
134, 67
135, 75
135, 75
135, 70
135, 71
136, 79
136, 74
136, 70
136, 75
137, 77
137, 68
137, 73
137, 78
138, 73
138, 71
138, 79
138, 75
139, 69
139, 74
139, 77
139, 71
140, 74
140, 80
140, 75
140, 70
141, 76
141, 77
141, 68
141, 74
142, 79
142, 74
142, 72
142, 81
143, 77
143, 70
143, 75
143, 79
144, 75
144, 74
144, 80
144, 77
145, 72
145, 76
145, 78
145, 69
146, 75
146, 80
146, 76
146, 72
147, 82
147, 78
147, 70
147, 77
148, 80
148, 75
148, 74
148, 81
149, 77
149, 72
149, 83
149, 79
150, 70
150, 77
150, 82
150, 77
151, 74
151, 83
151, 79
151, 71
152, 79
152, 81
152, 77
152, 76
153, 83
153, 79
153, 73
153, 83
154, 80
154, 77
154, 77
154, 82
155, 78
155, 75
155, 84
155, 80
156, 73
156, 79
156, 81
156, 78
157, 76
157, 82
157, 80
157, 74
158, 85
158, 82
158, 75
158, 78
159, 83
159, 80
159, 76
159, 85
160, 81
160, 74
160, 81
160, 83
161, 79
161, 78
161, 84
161, 81
162, 76
162, 85
162, 82
162, 79
163, 80
163, 84
163, 81
163, 77
164, 86
164, 82
164, 74
164, 81
165, 83
165, 80
165, 80
165, 85
166, 81
166, 77
166, 86
166, 83
167, 80
167, 81
167, 86
167, 82
168, 79
168, 86
168, 84
168, 76
169, 83
169, 85
169, 81
169, 81
170, 85
170, 82
170, 77
170, 87
171, 84
171, 81
171, 81
171, 86
172, 83
172, 79
172, 87
172, 84
173, 77
173, 81
173, 85
173, 82
174, 80
174, 88
174, 84
174, 80
175, 88
175, 87
175, 83
175, 84
176, 88
176, 84
176, 80
176, 89
177, 85
177, 79
177, 85
177, 86
178, 83
178, 82
178, 88
178, 84
179, 79
179, 89
179, 87
179, 84
180, 84
180, 87
180, 84
180, 81
181, 89
181, 87
181, 78
181, 90
182, 89
182, 85
182, 83
182, 89
183, 87
183, 81
183, 90
183, 87
184, 85
184, 85
184, 88
184, 86
185, 82
185, 91
185, 87
185, 86
186, 91
186, 88
186, 85
186, 84
187, 90
187, 87
187, 82
187, 90
188, 89
188, 85
188, 86
188, 88
189, 88
189, 83
189, 91
189, 88
190, 85
190, 92
190, 90
190, 88
191, 85
191, 92
191, 89
191, 83
192, 92
192, 89
192, 87
192, 86
193, 90
193, 88
193, 83
193, 91
194, 88
194, 87
194, 92
194, 89
195, 89
195, 85
195, 92
195, 90
196, 83
196, 92
196, 90
196, 87
197, 88
197, 91
197, 89
197, 85
198, 92
198, 90
198, 87
198, 92
199, 92
199, 89
199, 87
199, 92
200, 90
200, 84
200, 92
200, 91
201, 89
201, 89
201, 92
201, 90
202, 86
202, 92
202, 92
202, 89
203, 93
203, 91
203, 90
203, 88
204, 93
204, 92
204, 85
204, 93
205, 91
205, 91
205, 88
205, 94
206, 92
206, 87
206, 94
206, 93
207, 90
207, 95
207, 93
207, 91
208, 88
208, 93
208, 92
208, 85
209, 95
209, 92
209, 92
209, 94
210, 94
210, 92
210, 87
210, 95
211, 92
211, 92
211, 95
211, 94
212, 92
212, 90
212, 94
212, 93
213, 82
213, 95
213, 94
213, 92
214, 96
214, 94
214, 94
214, 89
215, 94
215, 93
215, 92
215, 95
216, 95
216, 92
216, 90
216, 95
217, 94
217, 95
217, 95
217, 93
218, 93
218, 96
218, 95
218, 94
219, 90
219, 96
219, 94
219, 93
220, 96
220, 95
220, 93
220, 91
221, 95
221, 95
221, 93
221, 97
222, 96
222, 96
222, 97
222, 96
223, 95
223, 90
223, 96
223, 95
224, 94
224, 96
224, 96
224, 95
225, 92
225, 96
225, 95
225, 94
226, 96
226, 96
226, 94
226, 97
227, 96
227, 96
227, 92
227, 96
228, 96
228, 95
228, 98
228, 97
229, 95
229, 93
229, 98
229, 96
230, 96
230, 98
230, 97
230, 96
231, 98
231, 97
231, 96
231, 92
232, 97
232, 97
232, 97
232, 98
233, 97
233, 96
233, 94
233, 98
234, 97
234, 96
234, 98
234, 98
235, 98
235, 98
235, 98
235, 97
236, 92
236, 98
236, 97
236, 98
237, 98
237, 99
237, 98
237, 94
238, 99
238, 99
238, 97
238, 99
239, 99
239, 97
239, 99
239, 98
240, 97
240, 93
240, 99
240, 98
241, 98
241, 100
241, 99
241, 98
242, 99
242, 99
242, 98
242, 98
243, 99
243, 100
243, 99
243, 98
244, 99
244, 98
244, 97
244, 100
245, 100
245, 100
245, 100
245, 99
246, 100
246, 99
246, 99
246, 100
247, 100
247, 100
247, 100
247, 99
248, 100
248, 99
248, 99
248, 100
249, 101
249, 100
249, 99
249, 101
250, 100
250, 100
250, 100
250, 99
251, 100
251, 100
251, 100
251, 99
252, 100
252, 101
252, 99
252, 100
253, 101
253, 101
253, 101
253, 100
254, 100
254, 101
254, 100
254, 101
255, 101
255, 101
255, 100
255, 101
254, 100
254, 101
254, 101
254, 101
253, 100
253, 102
253, 100
253, 100
252, 99
252, 100
252, 101
252, 101
251, 100
251, 100
251, 100
251, 100
250, 100
250, 100
250, 100
250, 100
249, 96
249, 99
249, 100
249, 99
248, 101
248, 99
248, 100
248, 100
247, 100
247, 100
247, 100
247, 100
246, 99
246, 101
246, 101
246, 100
245, 99
245, 100
245, 99
245, 99
244, 99
244, 99
244, 100
244, 98
243, 100
243, 98
243, 99
243, 99
242, 99
242, 99
242, 98
242, 96
241, 99
241, 99
241, 98
241, 100
240, 99
240, 98
240, 93
240, 99
239, 99
239, 97
239, 99
239, 98
238, 98
238, 99
238, 98
238, 99
237, 98
237, 98
237, 97
237, 97
236, 99
236, 98
236, 98
236, 94
235, 98
235, 98
235, 97
235, 99
234, 98
234, 96
234, 99
234, 99
233, 97
233, 97
233, 98
233, 97
232, 96
232, 98
232, 97
232, 97
231, 92
231, 97
231, 96
231, 96
230, 97
230, 97
230, 96
230, 98
229, 97
229, 97
229, 96
229, 97
228, 96
228, 95
228, 98
228, 96
227, 96
227, 92
227, 97
227, 95
226, 95
226, 97
226, 97
226, 95
225, 92
225, 96
225, 96
225, 96
224, 97
224, 95
224, 94
224, 97
223, 96
223, 95
223, 90
223, 96
222, 95
222, 94
222, 97
222, 95
221, 94
221, 91
221, 95
221, 95
220, 89
220, 97
220, 95
220, 93
219, 96
219, 96
219, 94
219, 91
218, 95
218, 95
218, 93
218, 96
217, 95
217, 93
217, 92
217, 95
216, 94
216, 88
216, 96
216, 93
215, 92
215, 95
215, 93
215, 93
214, 89
214, 95
214, 93
214, 91
213, 94
213, 94
213, 92
213, 90
212, 94
212, 93
212, 87
212, 95
211, 94
211, 91
211, 95
211, 94
210, 92
210, 88
210, 95
210, 93
209, 90
209, 94
209, 93
209, 92
208, 89
208, 93
208, 92
208, 86
207, 93
207, 92
207, 91
207, 94
206, 93
206, 90
206, 87
206, 92
205, 91
205, 90
205, 93
205, 92
204, 89
204, 88
204, 91
204, 91
203, 84
203, 93
203, 91
203, 90
202, 93
202, 92
202, 89
202, 87
201, 91
201, 89
201, 88
201, 93
200, 91
200, 90
200, 87
200, 92
199, 90
199, 84
199, 92
199, 90
198, 88
198, 89
198, 91
198, 89
197, 85
197, 91
197, 90
197, 90
196, 92
196, 90
196, 89
196, 86
195, 92
195, 89
195, 85
195, 92
194, 90
194, 87
194, 89
194, 90
193, 87
193, 85
193, 90
193, 89
192, 102
192, 86
192, 90
192, 87
191, 84
191, 91
191, 88
191, 87
190, 90
190, 89
190, 86
190, 85
189, 90
189, 87
189, 82
189, 91
188, 89
188, 86
188, 86
188, 90
187, 86
187, 83
187, 89
187, 87
186, 81
186, 91
186, 88
186, 85
185, 84
185, 89
185, 87
185, 80
184, 90
184, 88
184, 85
184, 85
183, 88
183, 86
183, 82
183, 90
182, 86
182, 99
182, 90
182, 89
181, 85
181, 83
181, 88
181, 86
180, 80
180, 89
180, 86
180, 84
179, 83
179, 87
179, 85
179, 81
178, 88
178, 85
178, 78
178, 85
177, 86
177, 84
177, 82
177, 87
176, 84
176, 79
176, 87
176, 85
175, 82
175, 82
175, 86
175, 83
174, 80
174, 88
174, 83
174, 77
173, 83
173, 87
173, 82
173, 81
172, 87
172, 84
172, 78
172, 88
171, 85
171, 81
171, 81
171, 86
170, 82
170, 79
170, 86
170, 83
169, 75
169, 82
169, 83
169, 81
168, 79
168, 86
168, 82
168, 76
167, 86
167, 83
167, 79
167, 81
166, 85
166, 82
166, 78
166, 86
165, 82
165, 76
165, 81
165, 84
164, 80
164, 78
164, 85
164, 81
163, 76
163, 85
163, 83
163, 78
162, 79
162, 83
162, 79
162, 76
161, 85
161, 81
161, 74
161, 80
160, 82
160, 79
160, 77
160, 84
159, 80
159, 75
159, 85
159, 81
158, 77
158, 77
158, 83
158, 79
157, 75
157, 84
157, 81
157, 73
156, 79
156, 82
156, 77
156, 76
155, 83
155, 79
155, 74
155, 84
154, 80
154, 78
154, 77
154, 82
153, 78
153, 75
153, 83
153, 78
152, 71
152, 78
152, 80
152, 76
151, 75
151, 82
151, 78
151, 74
150, 82
150, 80
150, 69
150, 76
149, 80
149, 77
149, 74
149, 82
148, 77
148, 71
148, 77
148, 79
147, 75
147, 73
147, 80
147, 76
146, 72
146, 79
146, 78
146, 69
145, 76
145, 80
145, 74
145, 73
144, 81
144, 77
144, 70
144, 76
143, 79
143, 74
143, 74
143, 81
142, 77
142, 71
142, 79
142, 78
141, 68
141, 74
141, 78
141, 74
140, 71
140, 80
140, 75
140, 69
139, 74
139, 77
139, 72
139, 71
138, 79
138, 73
138, 69
138, 74
137, 76
137, 66
137, 73
137, 78
136, 72
136, 70
136, 80
136, 75
135, 67
135, 74
135, 76
135, 70
134, 71
134, 79
134, 73
134, 69
133, 75
133, 75
133, 67
133, 71
132, 76
132, 72
132, 69
132, 78
131, 73
131, 65
131, 71
131, 75
130, 69
130, 70
130, 77
130, 71
129, 66
129, 73
129, 73
129, 64
128, 70
128, 75
128, 70
128, 67
127, 78
127, 72
127, 66
127, 71
126, 74
126, 65
126, 69
126, 77
125, 70
125, 66
125, 72
125, 72
124, 63
124, 68
124, 74
124, 69
123, 66
123, 76
123, 71
123, 64
122, 70
122, 73
122, 83
122, 67
121, 76
121, 69
121, 64
121, 70
120, 71
120, 63
120, 68
120, 75
119, 67
119, 66
119, 75
119, 71
118, 63
118, 68
118, 71
118, 62
117, 66
117, 73
117, 68
117, 64
116, 69
116, 70
116, 62
116, 67
115, 73
115, 66
115, 64
115, 68
114, 68
114, 62
114, 68
114, 71
113, 60
113, 65
113, 73
113, 67
112, 63
112, 68
112, 69
112, 59
111, 65
111, 71
111, 65
111, 64
110, 68
110, 68
110, 62
110, 66
109, 69
109, 59
109, 64
109, 71
108, 65
108, 62
108, 65
108, 67
107, 60
107, 64
107, 70
107, 62
106, 62
106, 66
106, 66
106, 59
105, 65
105, 69
105, 58
105, 63
104, 71
104, 64
104, 59
104, 66
103, 67
103, 59
103, 63
103, 70
102, 62
102, 61
102, 66
102, 65
101, 59
101, 64
101, 68
101, 56
100, 61
100, 69
100, 62
100, 59
99, 65
99, 61
99, 61
99, 68
98, 57
98, 62
98, 65
98, 58
97, 63
97, 62
97, 60
97, 68
96, 56
96, 62
96, 63
96, 58
95, 64
95, 61
95, 60
95, 68
94, 55
94, 61
94, 65
94, 56
93, 64
93, 60
93, 58
93, 67
92, 53
92, 60
92, 64
92, 54
91, 62
91, 62
91, 56
91, 63
90, 53
90, 58
90, 65
90, 54
89, 60
89, 61
89, 57
89, 61
88, 52
88, 58
88, 64
88, 54
87, 59
87, 61
87, 55
87, 61
86, 52
86, 58
86, 64
86, 52
85, 58
85, 61
85, 54
85, 59
84, 56
84, 55
84, 63
84, 52
83, 57
83, 61
83, 53
83, 60
82, 55
82, 55
82, 64
82, 50
81, 55
81, 61
81, 52
81, 58
80, 56
80, 53
80, 65
80, 50
79, 55
79, 60
79, 51
79, 56
78, 56
78, 52
78, 58
78, 48
77, 55
77, 61
77, 49
77, 57
76, 55
76, 52
76, 58
76, 47
75, 52
75, 59
75, 48
75, 54
74, 55
74, 50
74, 56
74, 45
73, 51
73, 61
73, 47
73, 54
72, 55
72, 49
72, 56
72, 62
71, 51
71, 60
71, 46
71, 53
70, 56
70, 48
70, 54
70, 49
69, 50
69, 59
69, 44
69, 51
68, 55
68, 47
68, 52
68, 48
67, 48
67, 55
67, 43
67, 50
66, 55
66, 45
66, 52
66, 49
65, 47
65, 52
65, 40
65, 49
64, 55
64, 43
64, 50
64, 49
63, 45
63, 51
63, 40
63, 47
62, 55
62, 41
62, 49
62, 49
61, 43
61, 50
61, 37
61, 45
60, 56
60, 39
60, 47
60, 50
59, 42
59, 49
59, 34
59, 44
58, 52
58, 37
58, 45
58, 49
57, 39
57, 48
57, 30
57, 42
56, 50
56, 34
56, 45
56, 49
55, 37
55, 47
55, 36
55, 40
54, 48
54, 30
54, 43
54, 49
53, 34
53, 45
53, 33
53, 38
52, 47
52, 25
52, 41
52, 51
51, 31
51, 44
51, 35
51, 36
50, 46
50, 21
50, 39
50, 51
49, 26
49, 42
49, 35
49, 33
48, 46
48, 16
48, 37
48, 52
47, 21
47, 42
47, 39
47, 30
46, 46
46, 10
46, 36
46, 51
45, 16
45, 40
45, 43
45, 24
44, 46
44, 6
44, 36
44, 54
43, 18
43, 44
43, 17
43, 26
42, 49
42, 8
42, 40
42, 40
41, 18
41, 46
41, 4
41, 34
41, 55
40, 12
40, 41
40, 8
40, 27
40, 54
39, 8
39, 40
39, 1
39, 28
39, 55
38, 8
38, 40
38, 0
38, 26
38, 57
37, 8
37, 42
37, 1
37, 28
37, 55
36, 8
36, 41
36, 1
36, 27
36, 46
35, 8
35, 40
35, 0
35, 27
35, 37
34, 8
34, 41
34, 1
34, 25
34, 28
33, 8
33, 40
33, 0
33, 25
33, 6
32, 12
32, 39
32, 0
32, 26
32, 3
31, 12
31, 39
31, 1
31, 26
31, 0
30, 12
30, 38
30, 1
30, 25
30, 0
29, 11
29, 38
29, 0
29, 24
29, 0
28, 11
28, 37
28, 0
28, 25
28, 0
27, 11
27, 39
27, 0
27, 23
27, 0
26, 11
26, 33
26, 0
26, 23
26, 0
25, 10
25, 26
25, 0
25, 22
25, 0
24, 11
24, 3
24, 3
24, 28
24, 0
23, 14
23, 0
23, 6
23, 4
23, 2
22, 23
22, 0
22, 12
22, 0
22, 5
21, 3
21, 1
21, 22
21, 0
21, 11
20, 0
20, 3
20, 3
20, 0
20, 19
19, 0
19, 8
19, 0
19, 5
19, 0
18, 1
18, 3
18, 0
18, 14
18, 0
17, 5
17, 0
17, 1
17, 2
17, 0
16, 14
16, 0
16, 7
16, 0
16, 4
15, 0
15, 1
15, 4
15, 0
15, 12
14, 0
14, 4
14, 0
14, 2
14, 0
13, 0
13, 4
13, 0
13, 7
13, 0
12, 2
12, 0
12, 0
12, 0
12, 0
11, 3
11, 0
11, 6
11, 0
11, 0
10, 1
10, 0
10, 1
10, 0
10, 1
9, 0
9, 2
9, 0
9, 1
9, 0
9, 0
8, 0
8, 1
8, 0
8, 0
8, 0
8, 0
7, 3
7, 0
7, 2
7, 0
7, 2
7, 0
6, 4
6, 0
6, 1
6, 0
6, 2
6, 0
5, 2
5, 0
5, 2
5, 1
5, 2
5, 3
4, 3
4, 2
4, 1
4, 1
4, 1
4, 3
3, 1
3, 3
3, 1
3, 3
3, 2
3, 3
2, 1
2, 3
2, 3
2, 2
2, 3
2, 2
1, 3
1, 4
1, 3
1, 3
1, 4
1, 2
0, 3
0, 4
0, 3
0, 3
0, 3
0, 3
1, 3
1, 1
1, 3
1, 3
1, 3
1, 3
2, 2
2, 3
2, 2
2, 3
2, 2
2, 3
3, 2
3, 3
3, 2
3, 2
3, 2
3, 3
4, 2
4, 2
4, 4
4, 1
4, 3
4, 2
5, 3
5, 1
5, 3
5, 0
5, 1
5, 0
6, 2
6, 0
6, 1
6, 0
6, 1
6, 1
7, 0
7, 3
7, 0
7, 2
7, 0
7, 2
8, 0
8, 2
8, 0
8, 3
8, 0
8, 2
9, 0
9, 1
9, 0
9, 1
9, 0
9, 0
10, 0
10, 0
10, 0
10, 0
10, 0
11, 1
11, 0
11, 2
11, 0
11, 7
12, 0
12, 4
12, 0
12, 1
12, 0
13, 1
13, 0
13, 0
13, 0
13, 0
14, 11
14, 0
14, 5
14, 0
14, 2
15, 0
15, 0
15, 0
15, 0
15, 12
16, 0
16, 6
16, 0
16, 3
16, 0
17, 2
17, 3
17, 0
17, 15
17, 0
18, 8
18, 0
18, 4
18, 0
18, 1
19, 4
19, 0
19, 17
19, 0
19, 8
20, 0
20, 6
20, 0
20, 1
20, 7
21, 0
21, 21
21, 0
21, 10
21, 0
22, 4
22, 23
22, 0
22, 17
22, 0
23, 9
23, 0
23, 5
23, 32
23, 0
24, 21
24, 0
24, 9
24, 0
24, 6
25, 26
25, 0
25, 22
25, 0
25, 11
26, 4
26, 4
26, 31
26, 0
26, 20
27, 0
27, 10
27, 36
27, 0
27, 22
28, 0
28, 13
28, 42
28, 0
28, 25
29, 0
29, 16
29, 37
29, 2
29, 29
30, 0
30, 18
30, 31
30, 4
30, 32
31, 0
31, 21
31, 20
31, 5
31, 36
32, 0
32, 25
32, 5
32, 12
32, 40
33, 1
33, 27
33, 3
33, 14
33, 43
34, 3
34, 31
34, 3
34, 18
34, 47
35, 4
35, 34
35, 0
35, 21
35, 51
36, 5
36, 38
36, 0
36, 23
36, 56
37, 8
37, 41
37, 1
37, 26
37, 54
38, 10
38, 38
38, 5
38, 23
38, 53
39, 8
39, 42
39, 0
39, 27
39, 56
40, 10
40, 38
40, 28
40, 19
41, 46
41, 4
41, 36
41, 50
42, 17
42, 45
42, 9
42, 32
42, 55
43, 14
43, 41
43, 33
43, 24
44, 48
44, 7
44, 38
44, 51
45, 23
45, 44
45, 12
45, 31
46, 49
46, 13
46, 39
46, 52
47, 24
47, 43
47, 26
47, 33
48, 46
48, 17
48, 39
48, 53
49, 26
49, 43
49, 36
49, 33
50, 47
50, 19
50, 38
50, 54
51, 28
51, 43
51, 42
51, 35
52, 46
52, 22
52, 41
52, 51
53, 30
53, 44
53, 46
53, 36
54, 46
54, 25
54, 40
54, 49
55, 33
55, 45
55, 49
55, 36
56, 47
56, 30
56, 42
56, 49
57, 34
57, 45
57, 52
57, 39
58, 47
58, 42
58, 43
58, 50
59, 36
59, 46
59, 54
59, 39
60, 48
60, 47
60, 44
60, 50
61, 37
61, 46
61, 56
61, 41
62, 49
62, 50
62, 44
62, 51
63, 40
63, 48
63, 57
63, 42
64, 50
64, 52
64, 45
64, 53
65, 41
65, 47
65, 60
65, 42
66, 50
66, 54
66, 45
66, 51
67, 49
67, 48
67, 56
67, 44
68, 51
68, 56
68, 46
68, 53
69, 49
69, 50
69, 56
69, 44
70, 51
70, 56
70, 47
70, 53
71, 52
71, 50
71, 56
71, 46
72, 52
72, 59
72, 49
72, 53
73, 55
73, 51
73, 56
73, 45
74, 53
74, 61
74, 48
74, 55
75, 55
75, 51
75, 57
75, 48
76, 54
76, 62
76, 48
76, 55
77, 58
77, 51
77, 57
77, 55
78, 53
78, 63
78, 51
78, 56
79, 58
79, 52
79, 58
79, 53
80, 54
80, 64
80, 49
80, 56
81, 61
81, 52
81, 58
81, 56
82, 55
82, 64
82, 50
82, 57
83, 62
83, 53
83, 60
83, 58
84, 54
84, 63
84, 49
84, 57
85, 63
85, 53
85, 59
85, 60
86, 55
86, 62
86, 50
86, 57
87, 64
87, 54
87, 59
87, 61
88, 55
88, 62
88, 55
88, 58
89, 65
89, 54
89, 59
89, 62
90, 57
90, 62
90, 59
90, 58
91, 65
91, 56
91, 60
91, 63
92, 56
92, 62
92, 60
92, 58
93, 68
93, 54
93, 61
93, 65
94, 57
94, 62
94, 61
94, 58
95, 69
95, 55
95, 61
95, 65
96, 57
96, 63
96, 63
96, 60
97, 69
97, 56
97, 60
97, 66
98, 57
98, 63
98, 64
98, 59
99, 70
99, 62
99, 61
99, 68
100, 57
100, 61
100, 70
100, 63
101, 60
101, 64
101, 66
101, 58
102, 63
102, 69
102, 63
102, 60
103, 65
103, 66
103, 59
103, 65
104, 69
104, 57
104, 62
104, 72
105, 65
105, 61
105, 65
105, 67
106, 60
106, 64
106, 70
106, 64
107, 63
107, 67
107, 66
107, 60
108, 66
108, 70
108, 57
108, 62
109, 73
109, 66
109, 62
109, 67
110, 69
110, 59
110, 65
110, 71
111, 66
111, 64
111, 68
111, 68
112, 62
112, 67
112, 71
112, 79
113, 64
113, 74
113, 67
113, 63
114, 66
114, 70
114, 60
114, 66
115, 73
115, 66
115, 64
115, 70
116, 70
116, 62
116, 68
116, 71
117, 69
117, 66
117, 74
117, 69
118, 64
118, 69
118, 72
118, 62
119, 67
119, 75
119, 68
119, 66
120, 70
120, 72
120, 64
120, 69
121, 73
121, 68
121, 67
121, 76
122, 70
122, 65
122, 71
122, 73
123, 63
123, 68
123, 75
123, 70
124, 66
124, 74
124, 72
124, 64
125, 70
125, 74
125, 67
125, 69
126, 77
126, 71
126, 66
126, 71
127, 75
127, 64
127, 70
127, 76
128, 71
128, 68
128, 74
128, 73
129, 65
129, 71
129, 75
129, 70
130, 67
130, 77
130, 72
130, 67
131, 73
131, 74
131, 65
131, 70
132, 77
132, 72
132, 69
132, 78
133, 74
133, 66
133, 72
133, 76
134, 71
134, 70
134, 78
134, 75
135, 69
135, 74
135, 76
135, 66
136, 72
136, 78
136, 73
136, 69
137, 80
137, 76
137, 67
137, 73
138, 77
138, 72
138, 72
138, 79
139, 75
139, 70
139, 75
139, 77
140, 67
140, 74
140, 80
140, 74
141, 71
141, 81
141, 76
141, 69
142, 75
142, 78
142, 74
142, 72
143, 81
143, 76
143, 72
143, 76
144, 79
144, 74
144, 74
144, 80
145, 76
145, 72
145, 82
145, 77
146, 70
146, 75
146, 79
146, 74
147, 74
147, 81
147, 77
147, 71
148, 78
148, 79
148, 72
148, 76
149, 81
149, 76
149, 74
149, 82
150, 79
150, 72
150, 77
150, 81
151, 77
151, 75
151, 82
151, 79
152, 73
152, 79
152, 79
152, 76
153, 76
153, 82
153, 78
153, 73
154, 83
154, 80
154, 73
154, 78
155, 82
155, 78
155, 74
155, 83
156, 80
156, 74
156, 82
156, 81
157, 76
157, 77
157, 83
157, 79
158, 75
158, 83
158, 80
158, 73
159, 80
159, 82
159, 79
159, 77
160, 84
160, 80
160, 75
160, 85
161, 82
161, 78
161, 78
161, 84
162, 80
162, 76
162, 85
162, 82
163, 75
163, 80
163, 84
163, 80
164, 77
164, 84
164, 82
164, 76
165, 86
165, 84
165, 79
165, 80
166, 85
166, 83
166, 78
166, 86
167, 83
167, 75
167, 82
167, 84
168, 81
168, 79
168, 86
168, 82
169, 77
169, 87
169, 83
169, 81
170, 81
170, 85
170, 82
170, 78
171, 86
171, 84
171, 77
171, 83
172, 86
172, 82
172, 79
172, 86
173, 84
173, 79
173, 87
173, 85
174, 82
174, 82
174, 87
174, 83
175, 79
175, 87
175, 85
175, 82
176, 83
176, 86
176, 83
176, 80
177, 88
177, 85
177, 79
177, 88
178, 87
178, 84
178, 83
178, 88
179, 85
179, 80
179, 88
179, 86
180, 81
180, 85
180, 86
180, 84
181, 83
181, 89
181, 85
181, 80
182, 90
182, 88
182, 85
182, 84
183, 89
183, 85
183, 81
183, 89
184, 87
184, 84
184, 87
184, 87
185, 85
185, 83
185, 88
185, 87
186, 80
186, 90
186, 87
186, 86
187, 84
187, 89
187, 86
187, 83
188, 90
188, 88
188, 86
188, 87
189, 89
189, 86
189, 84
189, 90
190, 88
190, 82
190, 91
190, 89
191, 87
191, 86
191, 90
191, 88
192, 81
192, 91
192, 88
192, 86
193, 91
193, 90
193, 87
193, 84
194, 92
194, 89
194, 82
194, 91
195, 90
195, 87
195, 86
195, 90
196, 89
196, 84
196, 91
196, 90
197, 87
197, 93
197, 90
197, 89
198, 86
198, 92
198, 90
198, 82
199, 92
199, 89
199, 89
199, 87
200, 92
200, 89
200, 85
200, 92
201, 91
201, 88
201, 94
201, 92
202, 89
202, 86
202, 92
202, 91
203, 80
203, 93
203, 92
203, 90
204, 88
204, 92
204, 91
204, 87
205, 94
205, 91
205, 91
205, 93
206, 93
206, 92
206, 88
206, 94
207, 91
207, 92
207, 93
207, 92
208, 92
208, 89
208, 93
208, 92
209, 87
209, 93
209, 92
209, 90
210, 95
210, 92
210, 91
210, 87
211, 94
211, 92
211, 91
211, 94
212, 93
212, 92
212, 91
212, 94
213, 93
213, 89
213, 94
213, 94
214, 92
214, 96
214, 94
214, 92
215, 89
215, 95
215, 94
215, 92
216, 94
216, 94
216, 93
216, 93
217, 94
217, 94
217, 87
217, 95
218, 94
218, 94
218, 94
218, 94
219, 94
219, 90
219, 96
219, 94
220, 93
220, 95
220, 94
220, 94
221, 97
221, 96
221, 95
221, 89
222, 96
222, 95
222, 93
222, 96
223, 95
223, 95
223, 91
223, 96
224, 95
224, 94
224, 96
224, 96
225, 95
225, 96
225, 96
225, 95
226, 91
226, 96
226, 96
226, 94
227, 97
227, 96
227, 96
227, 92
228, 97
228, 97
228, 95
228, 99
229, 96
229, 96
229, 98
229, 97
230, 96
230, 91
230, 97
230, 96
231, 97
231, 97
231, 97
231, 97
232, 93
232, 98
232, 97
232, 96
233, 98
233, 98
233, 96
233, 98
234, 98
234, 97
234, 97
234, 97
235, 97
235, 96
235, 98
235, 97
236, 98
236, 93
236, 99
236, 98
237, 97
237, 98
237, 97
237, 97
238, 98
238, 97
238, 97
238, 95
239, 99
239, 98
239, 97
239, 98
240, 98
240, 98
240, 94
240, 98
241, 98
241, 98
241, 99
241, 98
242, 98
242, 100
242, 99
242, 99
243, 98
243, 99
243, 100
243, 99
244, 99
244, 99
244, 99
244, 99
245, 100
245, 100
245, 100
245, 99
246, 99
246, 99
246, 99
246, 97
247, 100
247, 100
247, 100
247, 99
248, 100
248, 99
248, 100
248, 99
249, 100
249, 100
249, 99
249, 99
250, 100
250, 99
250, 100
250, 99
251, 100
251, 100
251, 99
251, 95
252, 101
252, 100
252, 101
252, 100
253, 101
253, 99
253, 100
253, 101
254, 101
254, 100
254, 99
254, 101
255, 100
255, 100
255, 100
255, 101
254, 100
254, 100
254, 100
254, 102
253, 100
253, 100
253, 100
253, 101
252, 100
252, 100
252, 100
252, 101
251, 100
251, 99
251, 95
251, 100
250, 100
250, 100
250, 100
250, 99
249, 100
249, 99
249, 99
249, 100
248, 100
248, 100
248, 99
248, 100
247, 100
247, 100
247, 98
247, 100
246, 99
246, 99
246, 99
246, 101
245, 99
245, 98
245, 100
245, 100
244, 99
244, 99
244, 100
244, 100
243, 99
243, 99
243, 99
243, 99
242, 99
242, 97
242, 98
242, 99
241, 98
241, 99
241, 98
241, 98
240, 95
240, 98
240, 99
240, 98
239, 98
239, 98
239, 99
239, 99
238, 99
238, 97
238, 95
238, 98
237, 97
237, 97
237, 97
237, 98
236, 97
236, 93
236, 97
236, 97
235, 96
235, 98
235, 98
235, 96
234, 98
234, 98
234, 97
234, 98
233, 98
233, 97
233, 96
233, 98
232, 97
232, 97
232, 93
232, 98
231, 96
231, 96
231, 97
231, 96
230, 96
230, 98
230, 97
230, 96
229, 92
229, 97
229, 96
229, 95
228, 97
228, 96
228, 95
228, 92
227, 97
227, 96
227, 94
227, 97
226, 96
226, 95
226, 96
226, 96
225, 95
225, 90
225, 96
225, 95
224, 94
224, 96
224, 96
224, 93
223, 92
223, 96
223, 96
223, 94
222, 96
222, 95
222, 94
222, 96
221, 95
221, 94
221, 89
221, 96
220, 94
220, 94
220, 96
220, 95
219, 94
219, 90
219, 95
219, 94
218, 93
218, 95
218, 94
218, 93
217, 91
217, 95
217, 93
217, 89
216, 95
216, 95
216, 92
216, 96
215, 94
215, 93
215, 90
215, 95
214, 93
214, 91
214, 94
214, 93
213, 93
213, 89
213, 94
213, 92
212, 87
212, 93
212, 93
212, 92
211, 94
211, 94
211, 92
211, 88
210, 94
210, 91
210, 89
210, 94
209, 92
209, 91
209, 90
209, 93
208, 92
208, 86
208, 93
208, 92
207, 91
207, 94
207, 93
207, 91
206, 87
206, 93
206, 91
206, 87
205, 93
205, 93
205, 90
205, 88
204, 92
204, 91
204, 86
204, 92
203, 91
203, 89
203, 94
203, 92
202, 90
202, 88
202, 91
202, 90
201, 83
201, 93
201, 92
201, 90
200, 88
200, 93
200, 90
200, 86
199, 93
199, 90
199, 88
199, 92
198, 91
198, 88
198, 86
198, 91
197, 89
197, 83
197, 92
197, 90
196, 87
196, 87
196, 90
196, 87
195, 83
195, 91
195, 90
195, 88
194, 91
194, 90
194, 88
194, 85
193, 91
193, 88
193, 83
193, 91
192, 91
192, 87
192, 86
192, 90
191, 88
191, 83
191, 91
191, 89
190, 85
190, 92
190, 88
190, 87
189, 84
189, 90
189, 88
189, 81
188, 90
188, 88
188, 86
188, 84
187, 89
187, 86
187, 81
187, 90
186, 87
186, 84
186, 87
186, 89
185, 85
185, 83
185, 89
185, 87
184, 80
184, 90
184, 87
184, 85
183, 84
183, 88
183, 86
183, 81
182, 89
182, 86
182, 83
182, 87
181, 87
181, 84
181, 81
181, 89
180, 86
180, 79
180, 90
180, 87
179, 83
179, 83
179, 88
179, 85
178, 80
178, 88
178, 86
178, 80
177, 85
177, 86
177, 84
177, 81
176, 88
176, 85
176, 78
176, 88
175, 85
175, 82
175, 81
175, 86
174, 83
174, 80
174, 88
174, 84
173, 72
173, 83
173, 86
173, 82
172, 80
172, 87
172, 84
172, 76
171, 87
171, 84
171, 81
171, 81
170, 86
170, 82
170, 78
170, 87
169, 83
169, 76
169, 81
169, 85
168, 81
168, 79
168, 86
168, 83
167, 76
167, 87
167, 84
167, 79
166, 81
166, 84
166, 81
166, 77
165, 86
165, 82
165, 74
165, 81
164, 83
164, 80
164, 77
164, 84
163, 82
163, 76
163, 86
163, 83
162, 78
162, 79
162, 83
162, 80
161, 76
161, 84
161, 83
161, 75
160, 79
160, 82
160, 81
160, 77
159, 83
159, 80
159, 74
159, 85
158, 81
158, 77
158, 78
158, 83
157, 79
157, 75
157, 84
157, 80
156, 72
156, 78
156, 82
156, 76
155, 76
155, 82
155, 79
155, 73
154, 82
154, 81
154, 76
154, 77
153, 82
153, 79
153, 74
153, 84
152, 79
152, 72
152, 78
152, 81
151, 77
151, 74
151, 82
151, 78
150, 71
150, 79
150, 80
150, 75
149, 76
149, 81
149, 76
149, 73
148, 82
148, 78
148, 70
148, 76
147, 81
147, 76
147, 74
147, 81
146, 77
146, 71
146, 77
146, 80
145, 76
145, 75
145, 80
145, 75
144, 71
144, 81
144, 77
144, 69
143, 75
143, 78
143, 73
143, 74
142, 80
142, 75
142, 70
142, 76
141, 78
141, 68
141, 74
141, 78
140, 74
140, 70
140, 80
140, 75
139, 69
139, 74
139, 77
139, 72
138, 70
138, 80
138, 73
138, 70
137, 75
137, 76
137, 67
137, 72
136, 78
136, 72
136, 69
136, 79
135, 74
135, 67
135, 73
135, 77
134, 71
134, 71
134, 78
134, 73
133, 68
133, 73
133, 76
133, 66
132, 71
132, 77
132, 71
132, 67
131, 79
131, 73
131, 66
131, 71
130, 76
130, 71
130, 70
130, 78
129, 72
129, 67
129, 72
129, 74
128, 64
128, 70
128, 76
128, 70
127, 67
127, 73
127, 73
127, 65
126, 70
126, 74
126, 69
126, 68
125, 76
125, 70
125, 65
125, 71
124, 73
124, 64
124, 69
124, 75
123, 69
123, 66
123, 71
123, 72
122, 64
122, 70
122, 73
122, 68
121, 66
121, 76
121, 69
121, 64
120, 70
120, 71
120, 63
120, 68
119, 74
119, 68
119, 66
119, 71
118, 70
118, 63
118, 67
118, 73
117, 68
117, 66
117, 74
117, 69
116, 63
116, 68
116, 70
116, 61
115, 66
115, 73
115, 67
115, 64
114, 68
114, 69
114, 63
114, 67
113, 71
113, 56
113, 64
113, 73
112, 67
112, 62
112, 67
112, 70
111, 60
111, 65
111, 73
111, 64
110, 63
110, 69
110, 68
110, 60
109, 66
109, 71
109, 59
109, 64
108, 72
108, 66
108, 61
108, 67
107, 69
107, 60
107, 64
107, 71
106, 63
106, 63
106, 67
106, 67
105, 59
105, 64
105, 69
105, 58
104, 62
104, 71
104, 64
104, 60
103, 64
103, 68
103, 58
103, 63
102, 68
102, 63
102, 60
102, 66
101, 65
101, 58
101, 63
101, 67
100, 56
100, 61
100, 70
100, 64
99, 60
99, 69
99, 55
99, 62
98, 66
98, 57
98, 63
98, 63
97, 60
97, 69
97, 56
97, 61
96, 65
96, 56
96, 63
96, 63
95, 58
95, 62
95, 61
95, 60
94, 66
94, 56
94, 61
94, 63
93, 58
93, 64
93, 58
93, 59
92, 66
92, 54
92, 61
92, 63
91, 56
91, 62
91, 58
91, 58
90, 66
90, 54
90, 60
90, 63
89, 55
89, 61
89, 59
89, 57
88, 65
88, 53
88, 58
88, 62
87, 55
87, 60
87, 59
87, 56
86, 65
86, 52
86, 57
86, 63
85, 54
85, 58
85, 58
85, 56
84, 63
84, 50
84, 57
84, 63
83, 52
83, 58
83, 59
83, 53
82, 60
82, 49
82, 56
82, 63
81, 51
81, 57
81, 59
81, 53
80, 60
80, 48
80, 54
80, 63
79, 50
79, 56
79, 58
79, 52
78, 58
78, 51
78, 54
78, 62
77, 48
77, 55
77, 58
77, 50
76, 57
76, 52
76, 52
76, 61
75, 47
75, 54
75, 58
75, 50
74, 56
74, 53
74, 51
74, 61
73, 46
73, 53
73, 60
73, 49
72, 54
72, 52
72, 50
72, 56
71, 45
71, 51
71, 58
71, 47
70, 53
70, 53
70, 48
70, 55
69, 43
69, 51
69, 59
69, 45
68, 52
68, 53
68, 47
68, 54
67, 42
67, 50
67, 58
67, 44
66, 52
66, 53
66, 46
66, 53
65, 39
65, 48
65, 59
65, 42
64, 49
64, 53
64, 44
64, 51
63, 34
63, 47
63, 51
63, 41
62, 49
62, 53
62, 42
62, 50
61, 42
61, 45
61, 51
61, 38
60, 45
60, 52
60, 42
60, 49
59, 43
59, 43
59, 51
59, 36
58, 43
58, 53
58, 38
58, 47
57, 44
57, 42
57, 48
57, 32
56, 44
56, 53
56, 35
56, 46
55, 43
55, 39
55, 47
55, 30
54, 41
54, 54
54, 33
54, 43
53, 45
53, 36
53, 46
53, 23
52, 40
52, 50
52, 29
52, 42
51, 45
51, 34
51, 45
51, 19
50, 38
50, 48
50, 24
50, 42
49, 49
49, 30
49, 44
49, 13
48, 35
48, 47
48, 19
48, 41
47, 49
47, 25
47, 45
47, 16
46, 32
46, 48
46, 15
46, 39
45, 53
45, 21
45, 43
45, 21
44, 29
44, 48
44, 10
44, 36
43, 57
43, 17
43, 42
43, 26
42, 24
42, 47
42, 8
42, 39
42, 45
41, 16
41, 45
41, 3
41, 32
41, 59
40, 12
40, 40
40, 20
40, 20
39, 46
39, 4
39, 33
39, 42
38, 12
38, 41
38, 0
38, 26
38, 58
37, 8
37, 41
37, 1
37, 27
37, 54
36, 8
36, 41
36, 1
36, 27
36, 47
35, 7
35, 41
35, 0
35, 26
35, 36
34, 8
34, 40
34, 0
34, 26
34, 28
33, 9
33, 41
33, 1
33, 25
33, 6
32, 12
32, 39
32, 1
32, 25
32, 3
31, 12
31, 40
31, 0
31, 25
31, 0
30, 12
30, 38
30, 0
30, 25
30, 0
29, 12
29, 37
29, 1
29, 24
29, 0
28, 11
28, 37
28, 0
28, 25
28, 0
27, 10
27, 38
27, 0
27, 23
27, 0
26, 11
26, 34
26, 0
26, 24
26, 0
25, 10
25, 26
25, 0
25, 22
25, 0
24, 8
24, 0
24, 6
24, 19
24, 0
23, 19
23, 0
23, 9
23, 0
23, 5
22, 22
22, 0
22, 19
22, 0
22, 7
21, 0
21, 3
21, 9
21, 0
21, 21
20, 0
20, 9
20, 0
20, 4
20, 0
19, 2
19, 25
19, 0
19, 10
19, 0
18, 4
18, 0
18, 1
18, 19
18, 0
17, 8
17, 0
17, 5
17, 0
17, 2
16, 0
16, 0
16, 14
16, 0
16, 6
15, 0
15, 3
15, 0
15, 0
15, 3
14, 0
14, 10
14, 0
14, 4
14, 0
13, 0
13, 0
13, 0
13, 3
13, 0
12, 4
12, 0
12, 0
12, 0
12, 0
11, 0
11, 0
11, 2
11, 0
11, 4
10, 0
10, 0
10, 0
10, 0
10, 0
9, 0
9, 1
9, 0
9, 2
9, 0
9, 1
8, 0
8, 1
8, 0
8, 0
8, 2
8, 0
7, 3
7, 1
7, 3
7, 0
7, 2
7, 0
6, 1
6, 0
6, 2
6, 0
6, 2
6, 0
5, 2
5, 2
5, 2
5, 3
5, 2
5, 3
4, 2
4, 3
4, 1
4, 2
4, 2
4, 3
3, 1
3, 3
3, 2
3, 2
3, 2
3, 3
2, 3
2, 3
2, 4
2, 2
2, 3
2, 2
1, 3
1, 2
1, 3
1, 3
1, 3
1, 3
0, 4
0, 3
0, 4
0, 4
0, 4
0, 3
1, 3
1, 3
1, 3
1, 3
1, 3
1, 4
2, 2
2, 2
2, 3
2, 1
2, 2
2, 3
3, 1
3, 2
3, 2
3, 3
3, 3
3, 1
4, 2
4, 1
4, 3
4, 2
4, 2
4, 1
5, 2
5, 0
5, 1
5, 0
5, 2
5, 0
6, 2
6, 0
6, 1
6, 4
6, 1
6, 3
7, 0
7, 2
7, 0
7, 3
7, 0
7, 3
8, 0
8, 0
8, 0
8, 1
8, 0
8, 1
9, 0
9, 0
9, 6
9, 0
9, 3
9, 0
10, 2
10, 0
10, 0
10, 0
10, 0
11, 1
11, 0
11, 1
11, 0
11, 2
12, 0
12, 8
12, 0
12, 4
12, 0
13, 4
13, 0
13, 0
13, 0
13, 0
14, 0
14, 0
14, 10
14, 0
14, 4
15, 0
15, 3
15, 0
15, 0
15, 2
16, 0
16, 14
16, 0
16, 6
16, 0
17, 2
17, 0
17, 1
17, 4
17, 0
18, 16
18, 0
18, 7
18, 0
18, 3
19, 0
19, 2
19, 6
19, 0
19, 16
20, 0
20, 9
20, 0
20, 5
20, 0
21, 2
21, 27
21, 0
21, 14
21, 0
22, 7
22, 0
22, 3
22, 29
22, 0
23, 18
23, 0
23, 7
23, 0
23, 4
24, 31
24, 0
24, 19
24, 0
24, 10
25, 26
25, 0
25, 23
25, 0
25, 12
26, 4
26, 4
26, 32
26, 0
26, 19
27, 0
27, 9
27, 6
27, 5
27, 34
28, 0
28, 23
28, 0
28, 12
28, 36
29, 1
29, 26
29, 0
29, 14
29, 46
30, 3
30, 29
30, 0
30, 16
30, 38
31, 4
31, 32
31, 0
31, 20
31, 32
32, 6
32, 36
32, 0
32, 22
32, 25
33, 7
33, 41
33, 0
33, 25
33, 7
34, 15
34, 44
34, 1
34, 29
34, 3
35, 18
35, 46
35, 3
35, 33
35, 3
36, 21
36, 51
36, 5
36, 36
36, 0
37, 24
37, 53
37, 8
37, 40
37, 0
38, 27
38, 57
38, 9
38, 43
38, 1
39, 31
39, 55
39, 12
39, 40
40, 8
40, 28
40, 52
40, 9
40, 42
41, 2
41, 31
41, 52
41, 12
41, 40
42, 31
42, 22
42, 46
42, 6
43, 38
43, 52
43, 19
43, 45
44, 9
44, 35
44, 55
44, 16
44, 42
45, 36
45, 27
45, 47
45, 8
46, 40
46, 50
46, 25
46, 44
47, 16
47, 33
47, 48
47, 16
48, 41
48, 52
48, 25
48, 43
49, 31
49, 34
49, 46
49, 19
50, 39
50, 52
50, 29
50, 44
51, 40
51, 36
51, 47
51, 22
52, 39
52, 53
52, 30
52, 43
53, 44
53, 37
53, 46
53, 23
54, 42
54, 51
54, 32
54, 44
55, 47
55, 37
55, 46
55, 27
56, 42
56, 49
56, 34
56, 45
57, 51
57, 39
57, 46
57, 40
58, 43
58, 51
58, 36
58, 45
59, 52
59, 40
59, 49
59, 44
60, 44
60, 51
60, 37
60, 46
61, 54
61, 41
61, 49
61, 47
62, 45
62, 51
62, 38
62, 47
63, 56
63, 42
63, 50
63, 50
64, 46
64, 53
64, 39
64, 48
65, 58
65, 43
65, 51
65, 52
66, 46
66, 53
66, 41
66, 48
67, 59
67, 43
67, 51
67, 55
68, 47
68, 53
68, 45
68, 49
69, 61
69, 45
69, 51
69, 56
70, 48
70, 54
70, 51
70, 50
71, 56
71, 45
71, 52
71, 58
72, 48
72, 54
72, 53
72, 50
73, 57
73, 46
73, 53
73, 59
74, 49
74, 56
74, 54
74, 51
75, 57
75, 47
75, 53
75, 60
76, 50
76, 56
76, 57
76, 52
77, 58
77, 48
77, 54
77, 62
78, 50
78, 56
78, 58
78, 52
79, 57
79, 56
79, 53
79, 62
80, 50
80, 56
80, 61
80, 52
81, 58
81, 55
81, 54
81, 63
82, 51
82, 56
82, 62
82, 53
83, 58
83, 57
83, 56
83, 65
84, 51
84, 57
84, 63
84, 53
85, 59
85, 58
85, 55
85, 61
86, 51
86, 57
86, 64
86, 53
87, 60
87, 61
87, 56
87, 61
88, 51
88, 58
88, 65
88, 54
89, 61
89, 62
89, 56
89, 63
90, 57
90, 58
90, 65
90, 54
91, 60
91, 63
91, 57
91, 62
92, 59
92, 60
92, 67
92, 54
93, 61
93, 63
93, 57
93, 62
94, 61
94, 59
94, 67
94, 55
95, 60
95, 65
95, 57
95, 63
96, 63
96, 59
96, 69
96, 55
97, 61
97, 66
97, 58
97, 64
98, 64
98, 60
98, 70
98, 55
99, 62
99, 68
99, 56
99, 64
100, 67
100, 57
100, 61
100, 69
101, 61
101, 60
101, 65
101, 65
102, 59
102, 64
102, 68
102, 57
103, 62
103, 72
103, 64
103, 59
104, 64
104, 68
104, 57
104, 63
105, 70
105, 63
105, 62
105, 67
106, 67
106, 60
106, 64
106, 69
107, 58
107, 63
107, 73
107, 66
108, 61
108, 66
108, 69
108, 60
109, 64
109, 72
109, 65
109, 62
110, 69
110, 67
110, 61
110, 66
111, 70
111, 58
111, 64
111, 73
112, 67
112, 62
112, 67
112, 70
113, 61
113, 66
113, 73
113, 67
114, 64
114, 69
114, 69
114, 63
115, 67
115, 71
115, 67
115, 65
116, 74
116, 68
116, 63
116, 69
117, 71
117, 62
117, 66
117, 73
118, 69
118, 65
118, 70
118, 71
119, 64
119, 67
119, 72
119, 68
120, 66
120, 75
120, 70
120, 64
121, 70
121, 73
121, 63
121, 68
122, 75
122, 69
122, 66
122, 74
123, 71
123, 64
123, 69
123, 73
124, 68
124, 68
124, 75
124, 70
125, 66
125, 71
125, 73
125, 63
126, 69
126, 75
126, 70
126, 66
127, 73
127, 72
127, 66
127, 70
128, 75
128, 70
128, 69
128, 77
129, 71
129, 67
129, 72
129, 74
130, 65
130, 69
130, 76
130, 71
131, 68
131, 78
131, 73
131