=~=~=~=~=~=~=~=~=~=~=~= PuTTY log 2021.12.02 15:57:22 =~=~=~=~=~=~=~=~=~=~=~=
1053990, 55
2991, 56
2992, 56
0, 78
1, 58
2, 58
0, 336
1, 379
2, 352
3, 396
4, 362
5, 417
6, 378
7, 412
8, 398
9, 409
10, 422
11, 400
12, 380
13, 411
14, 429
15, 418
16, 379
17, 420
18, 429
19, 398
20, 402
21, 444
22, 433
23, 396
24, 417
25, 441
26, 410
27, 407
28, 421
29, 443
30, 419
31, 421
32, 433
33, 443
34, 422
35, 413
36, 430
37, 450
38, 412
39, 412
40, 443
41, 443
42, 404
43, 427
44, 453
45, 420
46, 404
47, 446
48, 452
49, 427
50, 409
51, 431
52, 450
53, 426
54, 412
55, 412
56, 447
57, 420
58, 406
59, 439
60, 444
61, 419
62, 415
63, 455
64, 445
65, 426
66, 440
67, 447
68, 421
69, 412
70, 436
71, 448
72, 424
73, 402
74, 422
75, 449
76, 429
77, 402
78, 451
79, 451
80, 417
81, 422
82, 450
83, 440
84, 420
85, 431
86, 456
87, 434
88, 428
89, 438
90, 451
91, 427
92, 404
93, 432
94, 457
95, 437
96, 429
97, 449
98, 446
99, 427
100, 412
101, 413
102, 422
103, 417
104, 415
105, 437
106, 437
107, 433
108, 436
109, 456
110, 453
111, 451
112, 459
113, 454
114, 452
115, 448
116, 446
117, 441
118, 436
119, 439
120, 436
121, 421
122, 424
123, 429
124, 410
125, 406
126, 429
127, 421
128, 423
129, 424
130, 450
131, 455
132, 459
133, 453
134, 460
135, 449
136, 445
137, 457
138, 448
139, 448
140, 423
141, 436
142, 422
143, 423
144, 427
145, 404
146, 426
147, 420
148, 428
149, 420
150, 444
151, 446
152, 463
153, 440
154, 461
155, 455
156, 447
157, 453
158, 452
159, 440
160, 437
161, 441
162, 436
163, 432
164, 414
165, 425
166, 426
167, 408
168, 421
169, 437
170, 423
171, 436
172, 462
173, 463
174, 453
175, 458
176, 456
177, 449
178, 455
179, 447
180, 441
181, 420
182, 442
183, 429
184, 416
185, 431
186, 418
187, 403
188, 426
189, 440
190, 434
191, 428
192, 453
193, 449
194, 451
195, 453
196, 453
197, 455
198, 438
199, 447
200, 445
201, 436
202, 424
203, 443
204, 428
205, 416
206, 414
207, 416
208, 421
209, 427
210, 449
211, 439
212, 449
213, 452
214, 462
215, 456
216, 444
217, 447
218, 453
219, 449
220, 447
221, 448
222, 442
223, 431
224, 416
225, 434
226, 432
227, 409
228, 411
229, 420
230, 428
231, 434
232, 439
233, 442
234, 459
235, 451
236, 457
237, 460
238, 448
239, 459
240, 452
241, 452
242, 431
243, 445
244, 439
245, 430
246, 422
247, 429
248, 411
249, 425
250, 422
251, 428
252, 430
253, 421
254, 459
255, 458
256, 450
257, 459
258, 464
259, 455
260, 450
261, 455
262, 451
263, 450
264, 449
265, 444
266, 429
267, 413
268, 417
269, 417
270, 416
271, 416
272, 432
273, 420
274, 429
275, 458
276, 450
277, 454
278, 457
279, 465
280, 456
281, 451
282, 453
283, 457
284, 434
285, 445
286, 436
287, 437
288, 434
289, 430
290, 420
291, 415
292, 420
293, 418
294, 437
295, 424
296, 445
297, 450
298, 448
299, 459
300, 463
301, 456
302, 461
303, 454
304, 449
305, 444
306, 432
307, 441
308, 445
309, 421
310, 425
311, 438
312, 419
313, 412
314, 429
315, 423
316, 426
317, 447
318, 462
319, 461
320, 449
321, 459
322, 463
323, 447
324, 444
325, 446
326, 444
327, 431
328, 443
329, 443
330, 421
331, 429
332, 414
333, 422
334, 430
335, 419
336, 437
337, 436
338, 446
339, 453
340, 466
341, 460
342, 452
343, 456
344, 461
345, 453
346, 441
347, 448
348, 444
349, 436
350, 434
351, 426
352, 417
353, 413
354, 425
355, 424
356, 431
357, 429
358, 429
359, 452
360, 455
361, 464
362, 468
363, 458
364, 456
365, 453
366, 461
367, 445
368, 453
369, 448
370, 443
371, 437
372, 429
373, 434
374, 415
375, 417
376, 419
377, 432
378, 415
379, 441
380, 431
381, 457
382, 456
383, 461
384, 460
385, 453
386, 462
387, 456
388, 457
389, 443
390, 449
391, 452
392, 441
393, 438
394, 427
395, 418
396, 426
397, 429
398, 420
399, 411
400, 421
401, 428
402, 434
403, 448
404, 463
405, 453
406, 455
407, 463
408, 461
409, 453
410, 453
411, 455
412, 443
413, 444
414, 440
415, 430
416, 428
417, 440
418, 417
419, 410
420, 423
421, 437
422, 430
423, 453
424, 468
425, 443
426, 452
427, 465
428, 465
429, 446
430, 455
431, 455
432, 448
433, 454
434, 450
435, 432
436, 439
437, 443
438, 430
439, 433
440, 432
441, 427
442, 441
443, 442
444, 435
445, 453
446, 468
447, 457
448, 460
449, 464
450, 451
451, 445
452, 453
453, 448
454, 432
455, 441
456, 447
457, 442
458, 446
459, 436
460, 421
461, 419
462, 417
463, 412
464, 415
465, 439
466, 430
467, 453
468, 454
469, 465
470, 453
471, 458
472, 454
473, 455
474, 460
475, 453
476, 452
477, 440
478, 438
479, 432
480, 431
481, 420
482, 419
483, 427
484, 420
485, 432
486, 428
487, 441
488, 457
489, 443
490, 461
491, 458
492, 458
493, 461
494, 455
495, 450
496, 445
497, 448
498, 438
499, 426
500, 431
501, 427
502, 426
503, 428
504, 428
505, 426
506, 424
507, 424
508, 458
509, 457
510, 441
511, 466
512, 466
513, 458
514, 458
515, 460
516, 449
517, 447
518, 453
519, 445
520, 423
521, 440
522, 441
523, 412
524, 420
525, 425
526, 426
527, 418
528, 444
529, 426
530, 449
531, 460
532, 436
533, 464
534, 458
535, 459
536, 464
537, 453
538, 452
539, 441
540, 442
541, 440
542, 435
543, 432
544, 421
545, 433
546, 432
547, 415
548, 416
549, 429
550, 430
551, 434
552, 448
553, 455
554, 462
555, 465
556, 448
557, 460
558, 464
559, 451
560, 453
561, 455
562, 441
563, 454
564, 442
565, 428
566, 436
567, 432
568, 417
569, 418
570, 416
571, 405
572, 437
573, 448
574, 451
575, 456
576, 465
577, 458
578, 457
579, 455
580, 461
581, 454
582, 445
583, 450
584, 445
585, 429
586, 429
587, 427
588, 414
589, 428
590, 414
591, 424
592, 436
593, 424
594, 444
595, 446
596, 440
597, 460
598, 455
599, 462
600, 458
601, 452
602, 456
603, 454
604, 439
605, 447
606, 424
607, 436
608, 427
609, 432
610, 417
611, 434
612, 411
613, 442
614, 448
615, 437
616, 452
617, 465
618, 453
619, 468
620, 453
621, 450
622, 458
623, 450
624, 429
625, 446
626, 431
627, 418
628, 439
629, 428
630, 407
631, 416
632, 418
633, 423
634, 459
635, 461
636, 449
637, 459
638, 463
639, 462
640, 453
641, 461
642, 450
643, 448
644, 441
645, 447
646, 441
647, 420
648, 437
649, 426
650, 427
651, 415
652, 420
653, 441
654, 427
655, 455
656, 446
657, 462
658, 459
659, 470
660, 459
661, 448
662, 462
663, 452
664, 448
665, 438
666, 447
667, 435
668, 443
669, 434
670, 416
671, 415
672, 417
673, 418
674, 426
675, 438
676, 440
677, 460
678, 468
679, 453
680, 464
681, 463
682, 456
683, 461
684, 453
685, 456
686, 455
687, 444
688, 437
689, 440
690, 427
691, 437
692, 424
693, 405
694, 433
695, 425
696, 428
697, 440
698, 446
699, 453
700, 457
701, 467
702, 458
703, 454
704, 453
705, 460
706, 454
707, 449
708, 441
709, 440
710, 434
711, 422
712, 423
713, 421
714, 409
715, 429
716, 425
717, 422
718, 441
719, 437
720, 461
721, 462
722, 460
723, 463
724, 450
725, 465
726, 453
727, 460
728, 448
729, 438
730, 444
731, 422
732, 425
733, 440
734, 409
735, 435
736, 434
737, 432
738, 441
739, 445
740, 459
741, 460
742, 456
743, 463
744, 460
745, 458
746, 461
747, 447
748, 455
749, 445
750, 439
751, 441
752, 426
753, 429
754, 434
755, 419
756, 427
757, 416
758, 426
759, 433
760, 428
761, 466
762, 464
763, 450
764, 466
765, 458
766, 457
767, 464
768, 448
769, 455
770, 449
771, 438
772, 436
773, 437
774, 426
775, 423
776, 423
777, 429
778, 420
779, 429
780, 429
781, 439
782, 459
783, 453
784, 450
785, 468
786, 466
787, 455
788, 458
789, 454
790, 447
791, 444
792, 448
793, 446
794, 437
795, 427
796, 437
797, 413
798, 437
799, 417
800, 432
801, 434
802, 438
803, 434
804, 456
805, 454
806, 459
807, 463
808, 448
809, 456
810, 463
811, 459
812, 453
813, 439
814, 449
815, 440
816, 426
817, 426
818, 421
819, 429
820, 415
821, 430
822, 425
823, 426
824, 444
825, 458
826, 446
827, 465
828, 457
829, 463
830, 449
831, 467
832, 458
833, 454
834, 450
835, 448
836, 446
837, 434
838, 426
839, 412
840, 437
841, 414
842, 431
843, 422
844, 419
845, 421
846, 451
847, 438
848, 465
849, 451
850, 461
851, 460
852, 462
853, 457
854, 455
855, 461
856, 444
857, 454
858, 440
859, 446
860, 429
861, 435
862, 436
863, 410
864, 434
865, 406
866, 442
867, 433
868, 445
869, 459
870, 455
871, 464
872, 460
873, 450
874, 464
875, 442
876, 450
877, 442
878, 421
879, 439
880, 431
881, 418
882, 429
883, 407
884, 435
885, 421
886, 435
887, 446
888, 441
889, 443
890, 466
891, 463
892, 451
893, 462
894, 457
895, 453
896, 450
897, 448
898, 448
899, 438
900, 436
901, 436
902, 416
903, 430
904, 427
905, 406
906, 441
907, 431
908, 440
909, 460
910, 463
911, 458
912, 459
913, 461
914, 458
915, 455
916, 448
917, 435
918, 450
919, 433
920, 448
921, 438
922, 432
923, 437
924, 424
925, 430
926, 423
927, 410
928, 432
929, 422
930, 448
931, 462
932, 452
933, 461
934, 452
935, 464
936, 454
937, 450
938, 459
939, 450
940, 442
941, 439
942, 431
943, 439
944, 437
945, 428
946, 433
947, 417
948, 417
949, 439
950, 443
951, 440
952, 451
953, 450
954, 463
955, 452
956, 466
957, 462
958, 449
959, 464
960, 452
961, 450
962, 443
963, 434
964, 420
965, 426
966, 422
967, 418
968, 428
969, 423
970, 424
971, 441
972, 453
973, 445
974, 462
975, 463
976, 456
977, 462
978, 460
979, 459
980, 447
981, 445
982, 447
983, 431
984, 428
985, 414
986, 418
987, 436
988, 417
989, 416
990, 419
991, 442
992, 454
993, 458
994, 470
995, 445
996, 465
997, 465
998, 459
999, 464
1000, 453
1001, 451
1002, 438
1003, 420
1004, 422
1005, 437
1006, 443
1007, 458
1008, 460
1009, 453
1010, 425
1011, 429
1012, 431
1013, 435
1014, 450
1015, 465
1016, 461
1017, 435
1018, 425
1019, 418
1020, 425
1021, 449
1022, 462
1023, 457
1024, 454
1025, 445
1026, 420
1027, 436
1028, 437
1029, 448
1030, 458
1031, 446
1032, 431
1033, 418
1034, 414
1035, 428
1036, 460
1037, 452
1038, 456
1039, 444
1040, 444
1041, 418
1042, 418
1043, 433
1044, 457
1045, 453
1046, 466
1047, 440
1048, 427
1049, 427
1050, 438
1051, 445
1052, 448
1053, 462
1054, 448
1055, 450
1056, 426
1057, 437
1058, 437
1059, 456
1060, 458
1061, 470
1062, 453
1063, 430
1064, 431
1065, 428
1066, 438
1067, 445
1068, 466
1069, 463
1070, 451
1071, 417
1072, 416
1073, 424
1074, 437
1075, 463
1076, 464
1077, 459
1078, 430
1079, 422
1080, 409
1081, 442
1082, 453
1083, 458
1084, 456
1085, 434
1086, 418
1087, 407
1088, 429
1089, 441
1090, 456
1091, 456
1092, 446
1093, 424
1094, 417
1095, 430
1096, 440
1097, 462
1098, 467
1099, 459
1100, 458
1101, 432
1102, 414
1103, 412
1104, 446
1105, 452
1106, 465
1107, 462
1108, 435
1109, 420
1110, 408
1111, 445
1112, 453
1113, 467
1114, 449
1115, 445
1116, 424
1117, 417
1118, 430
1119, 448
1120, 457
1121, 456
1122, 463
1123, 440
1124, 420
1125, 417
1126, 441
1127, 448
1128, 458
1129, 459
1130, 441
1131, 439
1132, 411
1133, 428
1134, 444
1135, 455
1136, 456
1137, 466
1138, 429
1139, 415
1140, 418
1141, 439
1142, 444
1143, 455
1144, 452
1145, 451
1146, 424
1147, 415
1148, 416
1149, 454
1150, 456
1151, 462
1152, 458
1153, 450
1154, 427
1155, 431
1156, 437
1157, 447
1158, 457
1159, 455
1160, 457
1161, 434
1162, 426
1163, 410
1164, 431
1165, 458
1166, 464
1167, 453
1168, 425
1169, 417
1170, 414
1171, 441
1172, 444
1173, 461
1174, 454
1175, 460
1176, 438
1177, 430
1178, 413
1179, 449
1180, 455
1181, 467
1182, 457
1183, 448
1184, 441
1185, 426
1186, 435
1187, 440
1188, 461
1189, 445
1190, 445
1191, 419
1192, 423
1193, 429
1194, 440
1195, 450
1196, 458
1197, 468
1198, 436
1199, 414
1200, 406
1201, 438
1202, 454
1203, 454
1204, 453
1205, 451
1206, 435
1207, 422
1208, 423
1209, 437
1210, 452
1211, 450
1212, 467
1213, 437
1214, 380
1215, 416
1216, 421
1217, 441
1218, 447
1219, 459
1220, 442
1221, 435
1222, 425
1223, 411
1224, 442
1225, 450
1226, 463
1227, 465
1228, 428
1229, 439
1230, 401
1231, 440
1232, 435
1233, 450
1234, 461
1235, 453
1236, 451
1237, 432
1238, 404
1239, 440
1240, 442
1241, 458
1242, 465
1243, 454
1244, 427
1245, 419
1246, 420
1247, 436
1248, 452
1249, 466
1250, 444
1251, 445
1252, 436
1253, 409
1254, 442
1255, 447
1256, 464
1257, 447
1258, 461
1259, 426
1260, 414
1261, 426
1262, 434
1263, 453
1264, 455
1265, 466
1266, 432
1267, 435
1268, 415
1269, 438
1270, 449
1271, 456
1272, 463
1273, 439
1274, 432
1275, 417
1276, 435
1277, 450
1278, 454
1279, 462
1280, 449
1281, 428
