=~=~=~=~=~=~=~=~=~=~=~= PuTTY log 2021.12.02 16:02:35 =~=~=~=~=~=~=~=~=~=~=~=
0, 74

1, 61
2, 61
3, 61
1154, 60
1155, 60
1156, 59
1157, 60
1158, 59
1159, 58
1160, 57
1161, 57
1162, 57
1163, 58
0, 74
1, 61
2, 61
3, 61
0, 251
1, 265
2, 284
3, 295
4, 287
5, 267
6, 281
7, 281
8, 288
9, 280
10, 303
11, 308
12, 311
13, 291
14, 297
15, 312
16, 296
17, 307
18, 298
19, 309
20, 300
21, 308
22, 305
23, 310
24, 314
25, 290
26, 302
27, 309
28, 310
29, 298
30, 301
31, 313
32, 293
33, 311
34, 315
35, 294
36, 300
37, 300
38, 314
39, 306
40, 301
41, 291
42, 291
43, 289
44, 298
45, 308
46, 320
47, 317
48, 297
49, 294
50, 302
51, 318
52, 312
53, 303
54, 298
55, 297
56, 300
57, 302
58, 304
59, 302
60, 311
61, 289
62, 297
63, 300
64, 293
65, 293
66, 315
67, 297
68, 295
69, 290
70, 309
71, 286
72, 284
73, 310
74, 299
75, 305
76, 314
77, 298
78, 288
79, 305
80, 295
81, 313
82, 301
83, 302
84, 308
85, 304
86, 294
87, 297
88, 306
89, 297
90, 288
91, 317
92, 293
93, 309
94, 301
95, 282
96, 311
97, 291
98, 310
99, 301
100, 304
101, 311
102, 310
103, 297
104, 284
105, 299
106, 316
107, 312
108, 311
109, 287
110, 291
111, 306
112, 300
113, 295
114, 289
115, 311
116, 307
117, 309
118, 301
119, 304
120, 303
121, 288
122, 288
123, 297
124, 315
125, 306
126, 284
127, 301
128, 297
129, 310
130, 288
131, 301
132, 289
133, 315
134, 280
135, 305
136, 297
137, 296
138, 308
139, 292
140, 297
141, 302
142, 282
143, 298
144, 305
145, 306
146, 305
147, 302
148, 293
149, 287
150, 298
151, 307
152, 297
153, 305
154, 299
155, 279
156, 291
157, 301
158, 301
159, 279
160, 292
161, 286
162, 285
163, 311
164, 308
165, 307
166, 301
167, 304
168, 304
169, 303
170, 309
171, 311
172, 300
173, 304
174, 305
175, 298
176, 286
177, 274
178, 287
179, 289
180, 276
181, 296
182, 310
183, 299
184, 280
185, 281
186, 310
187, 284
188, 299
189, 291
190, 289
191, 300
192, 293
193, 281
194, 307
195, 284
196, 298
197, 283
198, 298
199, 292
200, 290
201, 293
202, 285
203, 300
204, 287
205, 287
206, 305
207, 274
208, 290
209, 307
210, 272
211, 303
212, 289
213, 294
214, 279
215, 302
216, 303
217, 299
218, 290
219, 290
220, 278
221, 282
222, 298
223, 292
224, 289
225, 308
226, 291
227, 276
228, 289
229, 287
230, 294
231, 301
232, 307
233, 299
234, 286
235, 306
236, 283
237, 280
238, 290
239, 298
240, 305
241, 297
242, 305
243, 299
244, 295
245, 308
246, 308
247, 300
248, 297
249, 308
250, 299
251, 290
252, 297
253, 286
254, 285
255, 288
256, 288
257, 284
258, 291
259, 298
260, 286
261, 276
262, 289
263, 287
264, 280
265, 271
266, 286
267, 293
268, 298
269, 305
270, 282
271, 290
272, 304
273, 282
274, 282
275, 307
276, 300
277, 279
278, 286
279, 307
280, 284
281, 284
282, 284
283, 296
284, 307
285, 306
286, 289
287, 308
288, 299
289, 279
290, 289
291, 307
292, 289
293, 290
294, 290
295, 299
296, 292
297, 296
298, 306
299, 285
300, 284
301, 292
302, 298
303, 287
304, 282
305, 295
306, 297
307, 284
308, 294
309, 280
310, 301
311, 282
312, 294
313, 304
314, 284
315, 280
316, 281
317, 284
318, 298
319, 283
320, 272
321, 280
322, 282
323, 271
324, 284
325, 283
326, 273
327, 282
328, 294
329, 290
330, 296
331, 300
332, 296
333, 298
334, 283
335, 300
336, 310
337, 304
338, 278
339, 281
340, 280
341, 278
342, 301
343, 300
344, 296
345, 290
346, 273
347, 287
348, 286
349, 272
350, 283
351, 296
352, 295
353, 298
354, 281
355, 281
356, 289
357, 275
358, 282
359, 281
360, 268
361, 281
362, 287
363, 292
364, 304
365, 300
366, 297
367, 294
368, 272
369, 280
370, 296
371, 288
372, 288
373, 294
374, 281
375, 293
376, 292
377, 284
378, 274
379, 300
380, 297
381, 290
382, 283
383, 270
384, 292
385, 290
386, 272
387, 280
388, 284
389, 304
390, 301
391, 288
392, 283
393, 267
394, 280
395, 287
396, 289
397, 285
398, 268
399, 303
400, 282
401, 268
402, 280
403, 278
404, 286
405, 285
406, 281
407, 302
408, 297
409, 284
410, 302
411, 295
412, 295
413, 302
414, 295
415, 302
416, 289
417, 272
418, 278
419, 286
420, 304
421, 301
422, 284
423, 288
424, 274
425, 281
426, 276
427, 272
428, 282
429, 285
430, 292
431, 288
432, 273
433, 276
434, 284
435, 292
436, 294
437, 277
438, 269
439, 280
440, 274
441, 281
442, 286
443, 280
444, 302
445, 275
446, 278
447, 299
448, 290
449, 273
450, 277
451, 270
452, 281
453, 293
454, 296
455, 299
456, 278
457, 271
458, 292
459, 286
460, 288
461, 276
462, 277
463, 301
464, 280
465, 276
466, 293
467, 293
468, 289
469, 279
470, 279
471, 287
472, 279
473, 275
474, 285
475, 278
476, 274
477, 277
478, 291
479, 268
480, 279
481, 273
482, 268
483, 279
484, 291
485, 304
486, 300
487, 293
488, 293
489, 276
490, 295
491, 274
492, 285
493, 288
494, 280
495, 293
496, 273
497, 297
498, 275
499, 287
500, 295
501, 276
502, 276
503, 272
504, 289
505, 297
506, 280
507, 274
508, 278
509, 298
510, 288
511, 265
512, 285
513, 288
514, 292
515, 285
516, 274
517, 275
518, 291
519, 301
520, 291
521, 286
522, 275
523, 276
524, 299
525, 282
526, 298
527, 297
528, 288
529, 293
530, 269
531, 283
532, 276
533, 275
534, 296
535, 273
536, 282
537, 299
538, 272
539, 275
540, 288
541, 292
542, 275
543, 275
544, 275
545, 279
546, 280
547, 295
548, 284
549, 297
550, 295
551, 281
552, 294
553, 288
554, 298
555, 291
556, 268
557, 295
558, 293
559, 285
560, 280
561, 292
562, 275
563, 298
564, 282
565, 279
566, 265
567, 276
568, 274
569, 275
570, 296
571, 290
572, 274
573, 277
574, 294
575, 292
576, 274
577, 277
578, 301
579, 285
580, 287
581, 289
582, 270
583, 278
584, 288
585, 298
586, 284
587, 272
588, 276
589, 287
590, 285
591, 286
592, 278
593, 296
594, 271
595, 282
596, 287
597, 279
598, 295
599, 274
600, 281
601, 292
602, 283
603, 270
604, 280
605, 277
606, 292
607, 285
608, 266
609, 278
610, 283
611, 286
612, 278
613, 281
614, 284
615, 287
616, 282
617, 292
618, 264
619, 284
620, 291
621, 292
622, 271
623, 265
624, 276
625, 273
626, 295
627, 270
628, 288
629, 286
630, 277
631, 280
632, 290
633, 277
634, 278
635, 286
636, 286
637, 264
638, 299
639, 271
640, 280
641, 272
642, 276
643, 288
644, 273
645, 287
646, 274
647, 260
648, 296
649, 273
650, 278
651, 272
652, 288
653, 272
654, 290
655, 274
656, 272
657, 293
658, 284
659, 270
660, 295
661, 275
662, 279
663, 281
664, 260
665, 291
666, 282
667, 271
668, 286
669, 262
670, 293
671, 269
672, 287
673, 279
674, 287
675, 272
676, 278
677, 287
678, 267
679, 289
680, 268
681, 274
682, 273
683, 291
684, 272
685, 272
686, 272
687, 285
688, 287
689, 267
690, 275
691, 276
692, 276
693, 280
694, 274
695, 294
696, 261
697, 273
698, 293
699, 263
700, 289
701, 281
702, 277
703, 268
704, 275
705, 282
706, 286
707, 292
708, 283
709, 275
710, 288
711, 273
712, 278
713, 286
714, 281
715, 272
716, 292
717, 262
718, 297
719, 270
720, 295
721, 273
722, 277
723, 289
724, 287
725, 295
726, 260
727, 295
728, 282
729, 274
730, 275
731, 290
732, 285
733, 270
734, 271
735, 283
736, 276
737, 275
738, 290
739, 272
740, 277
741, 269
742, 280
743, 288
744, 275
745, 262
746, 276
747, 286
748, 269
749, 290
750, 281
751, 276
752, 264
753, 279
754, 275
755, 272
756, 279
757, 283
758, 278
759, 271
760, 296
761, 273
762, 269
763, 278
764, 284
765, 278
766, 282
767, 286
768, 262
769, 293
770, 275
771, 271
772, 274
773, 261
774, 279
775, 289
776, 284
777, 265
778, 270
779, 266
780, 272
781, 286
782, 281
783, 271
784, 265
785, 282
786, 273
787, 280
788, 263
789, 270
790, 263
791, 271
792, 265
793, 271
794, 264
795, 290
796, 278
797, 276
798, 277
799, 284
800, 288
801, 271
802, 292
803, 270
804, 293
805, 273
806, 273
807, 288
808, 270
809, 289
810, 266
811, 286
812, 268
813, 270
814, 279
815, 282
816, 272
817, 278
818, 272
819, 276
820, 280
821, 267
822, 277
823, 291
824, 279
825, 266
826, 293
827, 262
828, 274
829, 279
830, 291
831, 265
832, 274
833, 273
834, 291
835, 285
836, 278
837, 265
838, 285
839, 284
840, 285
841, 264
842, 278
843, 287
844, 277
845, 265
846, 275
847, 291
848, 290
849, 273
850, 266
851, 284
852, 268
853, 288
854, 275
855, 271
856, 290
857, 276
858, 269
859, 273
860, 293
861, 272
862, 269
863, 280
864, 295
865, 284
866, 276
867, 267
868, 273
869, 273
870, 269
871, 271
872, 279
873, 283
874, 281
875, 286
876, 289
877, 288
878, 288
879, 272
880, 271
881, 293
882, 285
883, 272
884, 268
885, 273
886, 289
887, 266
888, 281
889, 293
890, 277
891, 290
892, 270
893, 286
894, 284
895, 260
896, 274
897, 270
898, 267
899, 274
900, 289
901, 259
902, 288
903, 282
904, 272
905, 281
906, 287
907, 294
908, 260
909, 278
910, 271
911, 284
912, 272
913, 273
914, 276
915, 270
916, 272
917, 272
918, 295
919, 273
920, 281
921, 267
922, 270
923, 272
924, 270
925, 275
926, 288
927, 290
928, 270
929, 284
930, 268
931, 271
932, 270
933, 288
934, 272
935, 283
936, 271
937, 283
938, 276
939, 278
940, 275
941, 265
942, 277
943, 279
944, 283
945, 271
946, 287
947, 291
948, 290
949, 261
950, 268
951, 283
952, 272
953, 283
954, 273
955, 290
956, 277
957, 289
958, 271
959, 274
960, 278
961, 270
962, 273
963, 275
964, 278
965, 271
966, 286
967, 274
968, 265
969, 278
970, 266
971, 286
972, 271
973, 271
974, 283
975, 282
976, 264
977, 285
978, 286
979, 278
980, 260
981, 290
982, 284
983, 279
984, 284
985, 274
986, 286
987, 273
988, 286
989, 288
990, 268
991, 280
992, 294
993, 285
994, 286
995, 273
996, 277
997, 258
998, 269
999, 282
1000, 269
1001, 285
1002, 280
1003, 268
1004, 271
1005, 277
1006, 289
1007, 268
1008, 290
1009, 282
1010, 268
1011, 289
1012, 271
1013, 278
1014, 271
1015, 258
1016, 282
1017, 278
1018, 268
1019, 271
1020, 277
1021, 270
1022, 267
1023, 275
1024, 292
1025, 290
1026, 277
1027, 282
1028, 258
1029, 269
1030, 262
1031, 286
1032, 288
1033, 278
1034, 265
1035, 269
1036, 270
1037, 284
1038, 291
1039, 285
1040, 292
1041, 286
1042, 271
1043, 269
1044, 283
1045, 279
1046, 281
1047, 263
1048, 275
1049, 284
1050, 282
1051, 262
1052, 271
1053, 287
1054, 293
1055, 290
1056, 279
1057, 289
1058, 271
1059, 271
1060, 284
1061, 292
1062, 262
1063, 282
1064, 281
1065, 279
1066, 295
1067, 291
1068, 280
1069, 265
1070, 271
1071, 271
1072, 282
1073, 283
1074, 264
1075, 273
1076, 278
1077, 292
1078, 267
1079, 286
1080, 294
1081, 269
1082, 273
1083, 281
1084, 288
1085, 272
1086, 264
1087, 284
1088, 276
1089, 271
1090, 285
1091, 293
1092, 293
1093, 288
1094, 292
1095, 287
1096, 290
1097, 273
1098, 268
1099, 275
1100, 271
1101, 278
1102, 287
1103, 293
1104, 292
1105, 282
1106, 272
1107, 259
1108, 271
1109, 278
1110, 292
1111, 283
1112, 286
1113, 272
1114, 268
1115, 296
1116, 282
1117, 275
1118, 277
1119, 297
1120, 276
1121, 271
1122, 280
1123, 294
1124, 276
1125, 270
1126, 294
1127, 260
1128, 286
1129, 284
1130, 294
1131, 279
1132, 270
1133, 275
1134, 291
1135, 279
1136, 269
1137, 270
1138, 275
1139, 293
1140, 267
1141, 273
1142, 270
1143, 287
1144, 271
1145, 273
1146, 272
1147, 287
1148, 290
1149, 273
1150, 284
1151, 283
