=~=~=~=~=~=~=~=~=~=~=~= PuTTY log 2021.12.02 15:52:15 =~=~=~=~=~=~=~=~=~=~=~=
0, 77
58
914, 65
915, 60
916, 60
917, 59
918, 58
919, 66
0, 78
1, 59
2, 58
08, 58
909, 57
910, 65
911, 59
912, 59
913, 58
914, 65
915, 60
916, 60
917, 59
918, 58
919, 66
0, 78
1, 59
2, 58
08, 58
909, 57
910, 65
911, 59
912, 59
913, 58
914, 65
915, 60
916, 60
917, 59
918, 58
919, 66
0, 78
1, 59
2, 58
0, 150
1, 213
2, 204
3, 248
4, 228
5, 281
6, 258
7, 279
8, 282
9, 301
10, 318
11, 304
12, 286
13, 301
14, 336
15, 313
16, 297
17, 331
18, 322
19, 321
20, 317
21, 338
22, 334
23, 332
24, 342
25, 342
26, 337
27, 327
28, 341
29, 360
30, 352
31, 331
32, 354
33, 366
34, 347
35, 320
36, 355
37, 371
38, 348
39, 342
40, 357
41, 364
42, 347
43, 342
44, 382
45, 359
46, 339
47, 355
48, 368
49, 371
50, 348
51, 348
52, 376
53, 371
54, 352
55, 372
56, 385
57, 365
58, 348
59, 379
60, 385
61, 357
62, 341
63, 382
64, 375
65, 354
66, 373
67, 378
68, 365
69, 336
70, 347
71, 389
72, 377
73, 354
74, 368
75, 382
76, 376
77, 348
78, 370
79, 381
80, 367
81, 361
82, 386
83, 384
84, 373
85, 381
86, 390
87, 377
88, 355
89, 372
90, 391
91, 382
92, 365
93, 374
94, 380
95, 364
96, 361
97, 376
98, 376
99, 353
100, 353
101, 344
102, 355
103, 348
104, 359
105, 357
106, 356
107, 364
108, 378
109, 383
110, 374
111, 384
112, 384
113, 378
114, 382
115, 376
116, 381
117, 378
118, 377
119, 365
120, 367
121, 359
122, 369
123, 354
124, 363
125, 370
126, 371
127, 372
128, 381
129, 373
130, 394
131, 382
132, 399
133, 397
134, 392
135, 400
136, 400
137, 394
138, 392
139, 384
140, 384
141, 383
142, 368
143, 379
144, 369
145, 363
146, 360
147, 370
148, 365
149, 375
150, 362
151, 382
152, 385
153, 379
154, 395
155, 385
156, 389
157, 387
158, 382
159, 384
160, 372
161, 365
162, 370
163, 369
164, 362
165, 374
166, 358
167, 363
168, 368
169, 374
170, 376
171, 386
172, 397
173, 397
174, 401
175, 403
176, 400
177, 400
178, 392
179, 388
180, 389
181, 388
182, 385
183, 381
184, 367
185, 372
186, 373
187, 365
188, 356
189, 361
190, 374
191, 377
192, 381
193, 385
194, 388
195, 399
196, 403
197, 404
198, 402
199, 402
200, 390
201, 385
202, 382
203, 374
204, 380
205, 383
206, 386
207, 372
208, 367
209, 367
210, 370
211, 367
212, 365
213, 365
214, 365
215, 374
216, 388
217, 371
218, 392
219, 399
220, 398
221, 400
222, 400
223, 400
224, 392
225, 386
226, 384
227, 383
228, 366
229, 354
230, 358
231, 358
232, 354
233, 365
234, 384
235, 389
236, 396
237, 394
238, 392
239, 390
240, 393
241, 389
242, 397
243, 386
244, 393
245, 397
246, 392
247, 391
248, 390
249, 383
250, 367
251, 362
252, 362
253, 376
254, 379
255, 382
256, 386
257, 389
258, 378
259, 372
260, 389
261, 407
262, 405
263, 404
264, 400
265, 389
266, 379
267, 390
268, 385
269, 383
270, 381
271, 375
272, 361
273, 352
274, 360
275, 373
276, 374
277, 377
278, 374
279, 381
280, 383
281, 402
282, 411
283, 399
284, 393
285, 390
286, 387
287, 393
288, 399
289, 396
290, 381
291, 375
292, 380
293, 371
294, 384
295, 377
296, 354
297, 357
298, 376
299, 385
300, 396
301, 388
302, 388
303, 390
304, 400
305, 398
306, 409
307, 404
308, 395
309, 397
310, 389
311, 394
312, 387
313, 382
314, 380
315, 368
316, 363
317, 369
318, 382
319, 383
320, 380
321, 381
322, 382
323, 390
324, 393
325, 384
326, 398
327, 405
328, 404
329, 405
330, 410
331, 406
332, 396
333, 387
334, 383
335, 371
336, 375
337, 377
338, 376
339, 379
340, 382
341, 383
342, 380
343, 379
344, 382
345, 384
346, 398
347, 404
348, 405
349, 408
350, 417
351, 401
352, 396
353, 389
354, 397
355, 401
356, 404
357, 400
358, 380
359, 380
360, 378
361, 380
362, 380
363, 385
364, 387
365, 386
366, 380
367, 383
368, 398
369, 399
370, 413
371, 410
372, 406
373, 394
374, 404
375, 406
376, 402
377, 403
378, 384
379, 385
380, 388
381, 389
382, 380
383, 378
384, 378
385, 372
386, 371
387, 390
388, 397
389, 401
390, 416
391, 411
392, 409
393, 402
394, 402
395, 412
396, 414
397, 410
398, 405
399, 403
400, 393
401, 372
402, 381
403, 384
404, 398
405, 385
406, 366
407, 377
408, 375
409, 393
410, 386
411, 395
412, 406
413, 409
414, 416
415, 416
416, 413
417, 396
418, 392
419, 401
420, 407
421, 393
422, 382
423, 372
424, 389
425, 381
426, 385
427, 371
428, 367
429, 389
430, 390
431, 405
432, 407
433, 394
434, 400
435, 417
436, 413
437, 414
438, 405
439, 401
440, 397
441, 396
442, 392
443, 390
444, 391
445, 387
446, 386
447, 373
448, 372
449, 387
450, 388
451, 397
452, 385
453, 394
454, 411
455, 402
456, 409
457, 402
458, 409
459, 413
460, 400
461, 397
462, 398
463, 406
464, 398
465, 380
466, 385
467, 386
468, 380
469, 375
470, 386
471, 398
472, 387
473, 393
474, 390
475, 414
476, 403
477, 409
478, 409
479, 417
480, 411
481, 402
482, 403
483, 410
484, 393
485, 387
486, 392
487, 384
488, 374
489, 373
490, 383
491, 385
492, 381
493, 369
494, 405
495, 409
496, 404
497, 402
498, 414
499, 415
500, 413
501, 398
502, 411
503, 407
504, 404
505, 398
506, 383
507, 394
508, 387
509, 373
510, 371
511, 388
512, 379
513, 381
514, 383
515, 404
516, 397
517, 394
518, 414
519, 421
520, 399
521, 406
522, 416
523, 416
524, 398
525, 393
526, 396
527, 402
528, 387
529, 382
530, 385
531, 388
532, 375
533, 383
534, 391
535, 388
536, 390
537, 395
538, 410
539, 413
540, 389
541, 423
542, 414
543, 409
544, 408
545, 416
546, 408
547, 392
548, 401
549, 404
550, 399
551, 387
552, 394
553, 393
554, 386
555, 366
556, 389
557, 392
558, 379
559, 382
560, 405
561, 419
562, 407
563, 410
564, 406
565, 417
566, 402
567, 412
568, 409
569, 407
570, 388
571, 406
572, 388
573, 374
574, 378
575, 392
576, 392
577, 378
578, 383
579, 394
580, 389
581, 399
582, 409
583, 406
584, 398
585, 397
586, 418
587, 416
588, 403
589, 411
590, 408
591, 408
592, 393
593, 398
594, 399
595, 394
596, 366
597, 381
598, 382
599, 381
600, 382
601, 387
602, 402
603, 406
604, 391
605, 405
606, 423
607, 416
608, 400
609, 405
610, 416
611, 410
612, 392
613, 394
614, 398
615, 402
616, 374
617, 373
618, 389
619, 390
620, 367
621, 380
622, 393
623, 404
624, 399
625, 410
626, 426
627, 424
628, 411
629, 414
630, 416
631, 397
632, 396
633, 405
634, 392
635, 388
636, 400
637, 395
638, 385
639, 385
640, 383
641, 378
642, 378
643, 401
644, 392
645, 387
646, 405
647, 411
648, 415
649, 399
650, 412
651, 414
652, 406
653, 409
654, 405
655, 391
656, 398
657, 395
658, 384
659, 372
660, 387
661, 392
662, 385
663, 393
664, 391
665, 378
666, 379
667, 409
668, 424
669, 412
670, 412
671, 412
672, 400
673, 408
674, 410
675, 413
676, 389
677, 407
678, 395
679, 387
680, 380
681, 396
682, 375
683, 370
684, 391
685, 385
686, 383
687, 389
688, 401
689, 403
690, 425
691, 423
692, 407
693, 415
694, 423
695, 399
696, 408
697, 414
698, 394
699, 391
700, 396
701, 392
702, 370
703, 393
704, 381
705, 363
706, 386
707, 396
708, 389
709, 399
710, 406
711, 402
712, 409
713, 410
714, 407
715, 401
716, 412
717, 408
718, 394
719, 404
720, 396
721, 381
722, 389
723, 396
724, 391
725, 382
726, 394
727, 389
728, 389
729, 397
730, 413
731, 415
732, 413
733, 419
734, 420
735, 408
736, 403
737, 411
738, 407
739, 390
740, 396
741, 392
742, 383
743, 377
744, 394
745, 380
746, 374
747, 390
748, 395
749, 392
750, 401
751, 408
752, 418
753, 399
754, 417
755, 418
756, 403
757, 408
758, 411
759, 396
760, 382
761, 388
762, 391
763, 375
764, 386
765, 385
766, 370
767, 385
768, 388
769, 387
770, 395
771, 415
772, 423
773, 404
774, 423
775, 418
776, 401
777, 413
778, 403
779, 377
780, 402
781, 402
782, 381
783, 384
784, 380
785, 369
786, 388
787, 394
788, 375
789, 409
790, 415
791, 403
792, 422
793, 408
794, 407
795, 420
796, 400
797, 409
798, 409
799, 394
800, 402
801, 401
802, 391
803, 385
804, 383
805, 371
806, 385
807, 392
808, 388
809, 397
810, 401
811, 392
812, 400
813, 408
814, 404
815, 416
816, 412
817, 409
818, 404
819, 408
820, 398
821, 406
822, 401
823, 380
824, 396
825, 392
826, 375
827, 386
828, 377
829, 383
830, 394
831, 385
832, 400
833, 402
834, 406
835, 423
836, 420
837, 405
838, 414
839, 402
840, 413
841, 411
842, 400
843, 392
844, 390
845, 378
846, 396
847, 389
848, 371
849, 386
850, 384
851, 392
852, 404
853, 386
854, 405
855, 414
856, 410
857, 423
858, 418
859, 405
860, 421
861, 400
862, 410
863, 408
864, 397
865, 403
866, 398
867, 384
868, 386
869, 373
870, 383
871, 379
872, 371
873, 390
874, 396
875, 409
876, 417
877, 408
878, 413
879, 414
880, 398
881, 412
882, 408
883, 398
884, 403
885, 393
886, 383
887, 397
888, 374
889, 395
890, 391
891, 383
892, 392
893, 403
894, 391
895, 401
896, 414
897, 403
898, 410
899, 417
900, 404
901, 423
902, 411
903, 396
904, 414
905, 402
906, 387
907, 404
908, 381
909, 382
910, 387
911, 380
912, 389
913, 383
914, 379
915, 405
916, 412
917, 396
918, 422
919, 419
920, 408
921, 425
922, 417
923, 400
924, 408
925, 402
926, 394
927, 397
928, 389
929, 381
930, 387
931, 373
932, 389
933, 395
934, 387
935, 400
936, 401
937, 401
938, 419
939, 416
940, 400
941, 415
942, 411
943, 398
944, 412
945, 408
946, 407
947, 416
948, 399
949, 404
950, 404
951, 377
952, 397
953, 385
954, 379
955, 385
956, 381
957, 393
958, 393
959, 381
960, 405
961, 412
962, 410
963, 424
964, 409
965, 414
966, 415
967, 404
968, 408
969, 396
970, 394
971, 396
972, 384
973, 378
974, 387
975, 367
976, 377
977, 388
978, 385
979, 406
980, 404
981, 389
982, 411
983, 403
984, 411
985, 420
986, 412
987, 414
988, 416
989, 403
990, 409
991, 388
992, 386
993, 395
994, 384
995, 383
996, 381
997, 376
998, 391
999, 379
1000, 385
1001, 387
1002, 403
1003, 419
1004, 414
1005, 414
1006, 398
1007, 374
1008, 389
1009, 398
1010, 403
1011, 423
1012, 408
1013, 415
1014, 399
1015, 386
1016, 402
1017, 406
1018, 411
1019, 420
1020, 400
1021, 394
1022, 392
1023, 376
1024, 397
1025, 409
1026, 404
1027, 427
1028, 416
1029, 394
1030, 392
1031, 382
1032, 405
1033, 410
1034, 408
1035, 407
1036, 391
1037, 371
1038, 387
1039, 395
1040, 406
1041, 418
1042, 414
1043, 409
1044, 393
1045, 373
1046, 396
1047, 402
1048, 401
1049, 422
1050, 427
